[debug] [2019-11-16T13:34:04.447Z] ----------------------------------------------------------------------
[debug] [2019-11-16T13:34:04.450Z] Command:       C:\Program Files\nodejs\node.exe C:\Users\pabim\AppData\Roaming\npm\node_modules\firebase-tools\lib\bin\firebase.js serve --only functions
[debug] [2019-11-16T13:34:04.450Z] CLI Version:   7.7.0
[debug] [2019-11-16T13:34:04.450Z] Platform:      win32
[debug] [2019-11-16T13:34:04.450Z] Node Version:  v12.9.1
[debug] [2019-11-16T13:34:04.451Z] Time:          Sat Nov 16 2019 11:34:04 GMT-0200 (GMT-02:00)
[debug] [2019-11-16T13:34:04.451Z] ----------------------------------------------------------------------
[debug] [2019-11-16T13:34:04.451Z] 
[debug] [2019-11-16T13:34:04.461Z] > command requires scopes: ["email","openid","https://www.googleapis.com/auth/cloudplatformprojects.readonly","https://www.googleapis.com/auth/firebase","https://www.googleapis.com/auth/cloud-platform"]
[debug] [2019-11-16T13:34:04.462Z] > authorizing via signed-in user
[debug] [2019-11-16T13:34:04.462Z] [iam] checking project bora-ajudar-pablo for permissions ["firebase.projects.get"]
[debug] [2019-11-16T13:34:04.464Z] > refreshing access token with scopes: ["email","https://www.googleapis.com/auth/cloud-platform","https://www.googleapis.com/auth/cloudplatformprojects.readonly","https://www.googleapis.com/auth/firebase","openid"]
[debug] [2019-11-16T13:34:04.464Z] >>> HTTP REQUEST POST https://www.googleapis.com/oauth2/v3/token  
 <request body omitted>
[debug] [2019-11-16T13:34:04.737Z] <<< HTTP RESPONSE 200
[debug] [2019-11-16T13:34:04.745Z] >>> HTTP REQUEST POST https://cloudresourcemanager.googleapis.com/v1/projects/bora-ajudar-pablo:testIamPermissions  

[debug] [2019-11-16T13:34:05.927Z] <<< HTTP RESPONSE 200
[debug] [2019-11-16T13:34:05.928Z] >>> HTTP REQUEST GET https://firebase.googleapis.com/v1beta1/projects/bora-ajudar-pablo  
 
[debug] [2019-11-16T13:34:07.390Z] <<< HTTP RESPONSE 200
[warn] !  Your requested "node" version "8" doesn't match your global version "12"
[info] +  functions: Emulator started at http://localhost:5000
[info] i  functions: Watching "C:\Users\pabim\Desktop\Curso-Profissional-React\exemplos\bora-ajudar\functions" for Cloud Functions...
[debug] [2019-11-16T13:34:09.924Z] [worker-~diagnostic~-c0496a02-6804-4fdf-b607-341567828b99]: BUSY
[debug] [2019-11-16T13:34:10.640Z] [runtime-status] Functions runtime initialized. {"cwd":"C:\\Users\\pabim\\Desktop\\Curso-Profissional-React\\exemplos\\bora-ajudar\\functions","node_version":"12.9.1"}
[debug] [2019-11-16T13:34:10.641Z] [runtime-status] Disabled runtime features: {"functions_config_helper":true,"network_filtering":true,"timeout":true,"memory_limiting":true,"admin_stubs":true} {}
[debug] [2019-11-16T13:34:10.644Z] [runtime-status] Resolved module firebase-admin {"declared":true,"installed":true,"version":"8.7.0","resolution":"C:\\Users\\pabim\\Desktop\\Curso-Profissional-React\\exemplos\\bora-ajudar\\functions\\node_modules\\firebase-admin\\lib\\index.js"}
[debug] [2019-11-16T13:34:10.647Z] [runtime-status] Resolved module firebase-functions {"declared":true,"installed":true,"version":"3.3.0","resolution":"C:\\Users\\pabim\\Desktop\\Curso-Profissional-React\\exemplos\\bora-ajudar\\functions\\node_modules\\firebase-functions\\lib\\index.js"}
[debug] [2019-11-16T13:34:10.648Z] [runtime-status] Resolved module firebase-functions {"declared":true,"installed":true,"version":"3.3.0","resolution":"C:\\Users\\pabim\\Desktop\\Curso-Profissional-React\\exemplos\\bora-ajudar\\functions\\node_modules\\firebase-functions\\lib\\index.js"}
[info] +  functions[api]: http function initialized (http://localhost:5000/bora-ajudar-pablo/us-central1/api).
[debug] [2019-11-16T13:34:11.433Z] [worker-~diagnostic~-c0496a02-6804-4fdf-b607-341567828b99]: exited
[debug] [2019-11-16T13:34:11.433Z] [worker-~diagnostic~-c0496a02-6804-4fdf-b607-341567828b99]: FINISHED
[debug] [2019-11-16T13:34:25.554Z] Accepted request GET /bora-ajudar-pablo/us-central1/api --> api
[debug] [2019-11-16T13:34:25.562Z] [worker-api-ed1b3ef1-4311-4247-a301-cc4dee1a1e5a]: BUSY
[debug] [2019-11-16T13:34:26.216Z] [runtime-status] Functions runtime initialized. {"cwd":"C:\\Users\\pabim\\Desktop\\Curso-Profissional-React\\exemplos\\bora-ajudar\\functions","node_version":"12.9.1"}
[debug] [2019-11-16T13:34:26.218Z] [runtime-status] Disabled runtime features: {"functions_config_helper":true,"network_filtering":true,"timeout":true,"memory_limiting":true,"admin_stubs":true} {}
[debug] [2019-11-16T13:34:26.221Z] [runtime-status] Resolved module firebase-admin {"declared":true,"installed":true,"version":"8.7.0","resolution":"C:\\Users\\pabim\\Desktop\\Curso-Profissional-React\\exemplos\\bora-ajudar\\functions\\node_modules\\firebase-admin\\lib\\index.js"}
[debug] [2019-11-16T13:34:26.223Z] [runtime-status] Resolved module firebase-functions {"declared":true,"installed":true,"version":"3.3.0","resolution":"C:\\Users\\pabim\\Desktop\\Curso-Profissional-React\\exemplos\\bora-ajudar\\functions\\node_modules\\firebase-functions\\lib\\index.js"}
[debug] [2019-11-16T13:34:26.225Z] [runtime-status] Resolved module firebase-functions {"declared":true,"installed":true,"version":"3.3.0","resolution":"C:\\Users\\pabim\\Desktop\\Curso-Profissional-React\\exemplos\\bora-ajudar\\functions\\node_modules\\firebase-functions\\lib\\index.js"}
[debug] [2019-11-16T13:34:27.084Z] [runtime-status] Trigger "api" has been found, beginning invocation! {}
[info] i  functions: Beginning execution of "api"
[debug] [2019-11-16T13:34:27.085Z] [runtime-status]  {"httpsTrigger":{},"name":"api","entryPoint":"api"}
[debug] [2019-11-16T13:34:27.086Z] [runtime-status] Running api in mode HTTPS {}
[debug] [2019-11-16T13:34:27.093Z] {"socketPath":"\\\\?\\pipe\\C:\\Users\\pabim\\Desktop\\Curso-Profissional-React\\exemplos\\bora-ajudar\\functions\\16844"}
[debug] [2019-11-16T13:34:27.097Z] [functions] Runtime ready! Sending request! {"socketPath":"\\\\?\\pipe\\C:\\Users\\pabim\\Desktop\\Curso-Profissional-React\\exemplos\\bora-ajudar\\functions\\16844"}
[debug] [2019-11-16T13:34:27.107Z] [runtime-status] Ephemeral server used! {}
[debug] [2019-11-16T13:34:27.228Z] [runtime-status] Ephemeral server survived. {}
[info] >  [2019-11-16T13:34:27.275Z]  @firebase/database: FIREBASE WARNING: {"code":"app/invalid-credential","message":"Credential implementation provided to initializeApp() via the \"credential\" property failed to fetch a valid Google OAuth2 access token with the following error: \"Error fetching access token: Error while making request: getaddrinfo ENOTFOUND metadata.google.internal. Error code: ENOTFOUND\"."} 
[info] >  [2019-11-16T13:34:27.312Z]  @firebase/database: FIREBASE WARNING: {"code":"app/invalid-credential","message":"Credential implementation provided to initializeApp() via the \"credential\" property failed to fetch a valid Google OAuth2 access token with the following error: \"Error fetching access token: Error while making request: getaddrinfo ENOTFOUND metadata.google.internal. Error code: ENOTFOUND\"."} 
[info] >  [2019-11-16T13:34:27.765Z]  @firebase/database: FIREBASE WARNING: {"code":"app/invalid-credential","message":"Credential implementation provided to initializeApp() via the \"credential\" property failed to fetch a valid Google OAuth2 access token with the following error: \"Error fetching access token: Error while making request: getaddrinfo ENOTFOUND metadata.google.internal. Error code: ENOTFOUND\"."} 
[info] >  [2019-11-16T13:34:28.570Z]  @firebase/database: FIREBASE WARNING: {"code":"app/invalid-credential","message":"Credential implementation provided to initializeApp() via the \"credential\" property failed to fetch a valid Google OAuth2 access token with the following error: \"Error fetching access token: Error while making request: getaddrinfo ENOTFOUND metadata.google.internal. Error code: ENOTFOUND\"."} 
[info] >  [2019-11-16T13:34:30.121Z]  @firebase/database: FIREBASE WARNING: {"code":"app/invalid-credential","message":"Credential implementation provided to initializeApp() via the \"credential\" property failed to fetch a valid Google OAuth2 access token with the following error: \"Error fetching access token: Error while making request: getaddrinfo ENOTFOUND metadata.google.internal. Error code: ENOTFOUND\"."} 
[info] >  [2019-11-16T13:34:31.190Z]  @firebase/database: FIREBASE WARNING: {"code":"app/invalid-credential","message":"Credential implementation provided to initializeApp() via the \"credential\" property failed to fetch a valid Google OAuth2 access token with the following error: \"Error fetching access token: Error while making request: getaddrinfo ENOTFOUND metadata.google.internal. Error code: ENOTFOUND\"."} 
[info] >  [2019-11-16T13:34:34.774Z]  @firebase/database: FIREBASE WARNING: {"code":"app/invalid-credential","message":"Credential implementation provided to initializeApp() via the \"credential\" property failed to fetch a valid Google OAuth2 access token with the following error: \"Error fetching access token: Error while making request: getaddrinfo ENOTFOUND metadata.google.internal. Error code: ENOTFOUND\"."} 
[info] >  [2019-11-16T13:34:35.488Z]  @firebase/database: FIREBASE WARNING: {"code":"app/invalid-credential","message":"Credential implementation provided to initializeApp() via the \"credential\" property failed to fetch a valid Google OAuth2 access token with the following error: \"Error fetching access token: Error while making request: getaddrinfo ENOTFOUND metadata.google.internal. Error code: ENOTFOUND\"."} 
[info] >  [2019-11-16T13:34:39.571Z]  @firebase/database: FIREBASE WARNING: {"code":"app/invalid-credential","message":"Credential implementation provided to initializeApp() via the \"credential\" property failed to fetch a valid Google OAuth2 access token with the following error: \"Error fetching access token: Error while making request: getaddrinfo ENOTFOUND metadata.google.internal. Error code: ENOTFOUND\"."} 
[info] >  [2019-11-16T13:34:40.927Z]  @firebase/database: FIREBASE WARNING: {"code":"app/invalid-credential","message":"Credential implementation provided to initializeApp() via the \"credential\" property failed to fetch a valid Google OAuth2 access token with the following error: \"Error fetching access token: Error while making request: getaddrinfo ENOTFOUND metadata.google.internal. Error code: ENOTFOUND\"."} 
[info] >  [2019-11-16T13:34:45.835Z]  @firebase/database: FIREBASE WARNING: {"code":"app/invalid-credential","message":"Credential implementation provided to initializeApp() via the \"credential\" property failed to fetch a valid Google OAuth2 access token with the following error: \"Error fetching access token: Error while making request: getaddrinfo ENOTFOUND metadata.google.internal. Error code: ENOTFOUND\"."} 
[info] >  [2019-11-16T13:34:54.699Z]  @firebase/database: FIREBASE WARNING: {"code":"app/invalid-credential","message":"Credential implementation provided to initializeApp() via the \"credential\" property failed to fetch a valid Google OAuth2 access token with the following error: \"Error fetching access token: Error while making request: getaddrinfo ENOTFOUND metadata.google.internal. Error code: ENOTFOUND\"."} 
[info] >  [2019-11-16T13:35:02.202Z]  @firebase/database: FIREBASE WARNING: {"code":"app/invalid-credential","message":"Credential implementation provided to initializeApp() via the \"credential\" property failed to fetch a valid Google OAuth2 access token with the following error: \"Error fetching access token: Error while making request: getaddrinfo ENOTFOUND metadata.google.internal. Error code: ENOTFOUND\"."} 
[info] >  [2019-11-16T13:35:14.417Z]  @firebase/database: FIREBASE WARNING: {"code":"app/invalid-credential","message":"Credential implementation provided to initializeApp() via the \"credential\" property failed to fetch a valid Google OAuth2 access token with the following error: \"Error fetching access token: Error while making request: getaddrinfo ENOTFOUND metadata.google.internal. Error code: ENOTFOUND\"."} 
[info] >  [2019-11-16T13:35:29.254Z]  @firebase/database: FIREBASE WARNING: {"code":"app/invalid-credential","message":"Credential implementation provided to initializeApp() via the \"credential\" property failed to fetch a valid Google OAuth2 access token with the following error: \"Error fetching access token: Error while making request: getaddrinfo ENOTFOUND metadata.google.internal. Error code: ENOTFOUND\"."} 
[info] >  [2019-11-16T13:35:49.018Z]  @firebase/database: FIREBASE WARNING: {"code":"app/invalid-credential","message":"Credential implementation provided to initializeApp() via the \"credential\" property failed to fetch a valid Google OAuth2 access token with the following error: \"Error fetching access token: Error while making request: getaddrinfo ENOTFOUND metadata.google.internal. Error code: ENOTFOUND\"."} 
[info] >  [2019-11-16T13:36:27.072Z]  @firebase/database: FIREBASE WARNING: {"code":"app/invalid-credential","message":"Credential implementation provided to initializeApp() via the \"credential\" property failed to fetch a valid Google OAuth2 access token with the following error: \"Error fetching access token: Error while making request: getaddrinfo ENOTFOUND metadata.google.internal. Error code: ENOTFOUND\"."} 
[info] >  [2019-11-16T13:36:48.797Z]  @firebase/database: FIREBASE WARNING: {"code":"app/invalid-credential","message":"Credential implementation provided to initializeApp() via the \"credential\" property failed to fetch a valid Google OAuth2 access token with the following error: \"Error fetching access token: Error while making request: getaddrinfo ENOTFOUND metadata.google.internal. Error code: ENOTFOUND\"."} 
[debug] [2019-11-16T13:37:00.581Z] File C:\Users\pabim\Desktop\Curso-Profissional-React\exemplos\bora-ajudar\functions\package-lock.json changed, reloading triggers
[debug] [2019-11-16T13:37:01.583Z] [worker-pool]: Marking BUSY worker to finish (api)
[debug] [2019-11-16T13:37:01.583Z] [worker-api-ed1b3ef1-4311-4247-a301-cc4dee1a1e5a]: FINISHING
[debug] [2019-11-16T13:37:01.591Z] [worker-~diagnostic~-4e25b7fc-7820-4ccd-96d1-54c3c137cd13]: BUSY
[debug] [2019-11-16T13:37:02.224Z] [runtime-status] Functions runtime initialized. {"cwd":"C:\\Users\\pabim\\Desktop\\Curso-Profissional-React\\exemplos\\bora-ajudar\\functions","node_version":"12.9.1"}
[debug] [2019-11-16T13:37:02.226Z] [runtime-status] Disabled runtime features: {"functions_config_helper":true,"network_filtering":true,"timeout":true,"memory_limiting":true,"admin_stubs":true} {}
[debug] [2019-11-16T13:37:02.237Z] [runtime-status] Resolved module firebase-admin {"declared":true,"installed":true,"version":"8.7.0","resolution":"C:\\Users\\pabim\\Desktop\\Curso-Profissional-React\\exemplos\\bora-ajudar\\functions\\node_modules\\firebase-admin\\lib\\index.js"}
[debug] [2019-11-16T13:37:02.241Z] [runtime-status] Resolved module firebase-functions {"declared":true,"installed":true,"version":"3.3.0","resolution":"C:\\Users\\pabim\\Desktop\\Curso-Profissional-React\\exemplos\\bora-ajudar\\functions\\node_modules\\firebase-functions\\lib\\index.js"}
[debug] [2019-11-16T13:37:02.243Z] [runtime-status] Resolved module firebase-functions {"declared":true,"installed":true,"version":"3.3.0","resolution":"C:\\Users\\pabim\\Desktop\\Curso-Profissional-React\\exemplos\\bora-ajudar\\functions\\node_modules\\firebase-functions\\lib\\index.js"}
[debug] [2019-11-16T13:37:03.557Z] [worker-~diagnostic~-4e25b7fc-7820-4ccd-96d1-54c3c137cd13]: exited
[debug] [2019-11-16T13:37:03.557Z] [worker-~diagnostic~-4e25b7fc-7820-4ccd-96d1-54c3c137cd13]: FINISHED
[info] >  [2019-11-16T13:37:41.259Z]  @firebase/database: FIREBASE WARNING: {"code":"app/invalid-credential","message":"Credential implementation provided to initializeApp() via the \"credential\" property failed to fetch a valid Google OAuth2 access token with the following error: \"Error fetching access token: Error while making request: getaddrinfo ENOTFOUND metadata.google.internal. Error code: ENOTFOUND\"."} 
[info] >  [2019-11-16T13:38:37.777Z]  @firebase/database: FIREBASE WARNING: {"code":"app/invalid-credential","message":"Credential implementation provided to initializeApp() via the \"credential\" property failed to fetch a valid Google OAuth2 access token with the following error: \"Error fetching access token: Error while making request: getaddrinfo ENOTFOUND metadata.google.internal. Error code: ENOTFOUND\"."} 
[debug] [2019-11-16T13:38:55.802Z] File C:\Users\pabim\Desktop\Curso-Profissional-React\exemplos\bora-ajudar\functions\index.js changed, reloading triggers
[debug] [2019-11-16T13:38:56.039Z] File C:\Users\pabim\Desktop\Curso-Profissional-React\exemplos\bora-ajudar\functions\index.js changed, reloading triggers
[debug] [2019-11-16T13:38:56.315Z] File C:\Users\pabim\Desktop\Curso-Profissional-React\exemplos\bora-ajudar\functions\index.js changed, reloading triggers
[debug] [2019-11-16T13:38:57.104Z] File C:\Users\pabim\Desktop\Curso-Profissional-React\exemplos\bora-ajudar\functions\index.js changed, reloading triggers
[debug] [2019-11-16T13:38:58.115Z] [worker-~diagnostic~-3148e9aa-8484-4bba-9e8b-11fa4612ec74]: BUSY
[debug] [2019-11-16T13:38:58.672Z] [runtime-status] Functions runtime initialized. {"cwd":"C:\\Users\\pabim\\Desktop\\Curso-Profissional-React\\exemplos\\bora-ajudar\\functions","node_version":"12.9.1"}
[debug] [2019-11-16T13:38:58.675Z] [runtime-status] Disabled runtime features: {"functions_config_helper":true,"network_filtering":true,"timeout":true,"memory_limiting":true,"admin_stubs":true} {}
[debug] [2019-11-16T13:38:58.679Z] [runtime-status] Resolved module firebase-admin {"declared":true,"installed":true,"version":"8.7.0","resolution":"C:\\Users\\pabim\\Desktop\\Curso-Profissional-React\\exemplos\\bora-ajudar\\functions\\node_modules\\firebase-admin\\lib\\index.js"}
[debug] [2019-11-16T13:38:58.682Z] [runtime-status] Resolved module firebase-functions {"declared":true,"installed":true,"version":"3.3.0","resolution":"C:\\Users\\pabim\\Desktop\\Curso-Profissional-React\\exemplos\\bora-ajudar\\functions\\node_modules\\firebase-functions\\lib\\index.js"}
[debug] [2019-11-16T13:38:58.683Z] [runtime-status] Resolved module firebase-functions {"declared":true,"installed":true,"version":"3.3.0","resolution":"C:\\Users\\pabim\\Desktop\\Curso-Profissional-React\\exemplos\\bora-ajudar\\functions\\node_modules\\firebase-functions\\lib\\index.js"}
[debug] [2019-11-16T13:38:59.800Z] Accepted request GET /bora-ajudar-pablo/us-central1/api --> api
[debug] [2019-11-16T13:38:59.829Z] [worker-api-6f7cc5ae-4af6-4e83-b72e-182dbb2bed67]: BUSY
[debug] [2019-11-16T13:39:00.458Z] [worker-~diagnostic~-3148e9aa-8484-4bba-9e8b-11fa4612ec74]: exited
[debug] [2019-11-16T13:39:00.458Z] [worker-~diagnostic~-3148e9aa-8484-4bba-9e8b-11fa4612ec74]: FINISHED
[debug] [2019-11-16T13:39:01.112Z] [runtime-status] Functions runtime initialized. {"cwd":"C:\\Users\\pabim\\Desktop\\Curso-Profissional-React\\exemplos\\bora-ajudar\\functions","node_version":"12.9.1"}
[debug] [2019-11-16T13:39:01.114Z] [runtime-status] Disabled runtime features: {"functions_config_helper":true,"network_filtering":true,"timeout":true,"memory_limiting":true,"admin_stubs":true} {}
[debug] [2019-11-16T13:39:01.121Z] [runtime-status] Resolved module firebase-admin {"declared":true,"installed":true,"version":"8.7.0","resolution":"C:\\Users\\pabim\\Desktop\\Curso-Profissional-React\\exemplos\\bora-ajudar\\functions\\node_modules\\firebase-admin\\lib\\index.js"}
[debug] [2019-11-16T13:39:01.126Z] [runtime-status] Resolved module firebase-functions {"declared":true,"installed":true,"version":"3.3.0","resolution":"C:\\Users\\pabim\\Desktop\\Curso-Profissional-React\\exemplos\\bora-ajudar\\functions\\node_modules\\firebase-functions\\lib\\index.js"}
[debug] [2019-11-16T13:39:01.132Z] [runtime-status] Resolved module firebase-functions {"declared":true,"installed":true,"version":"3.3.0","resolution":"C:\\Users\\pabim\\Desktop\\Curso-Profissional-React\\exemplos\\bora-ajudar\\functions\\node_modules\\firebase-functions\\lib\\index.js"}
[debug] [2019-11-16T13:39:01.765Z] Accepted request GET /bora-ajudar-pablo/us-central1/api --> api
[debug] [2019-11-16T13:39:01.790Z] [worker-api-fb302fea-1142-47b5-a320-4299ed5f31ad]: BUSY
[debug] [2019-11-16T13:39:03.085Z] [runtime-status] Functions runtime initialized. {"cwd":"C:\\Users\\pabim\\Desktop\\Curso-Profissional-React\\exemplos\\bora-ajudar\\functions","node_version":"12.9.1"}
[debug] [2019-11-16T13:39:03.087Z] [runtime-status] Trigger "api" has been found, beginning invocation! {}
[info] i  functions: Beginning execution of "api"
[debug] [2019-11-16T13:39:03.097Z] [runtime-status] Disabled runtime features: {"functions_config_helper":true,"network_filtering":true,"timeout":true,"memory_limiting":true,"admin_stubs":true} {}
[debug] [2019-11-16T13:39:03.097Z] [runtime-status]  {"httpsTrigger":{},"name":"api","entryPoint":"api"}
[debug] [2019-11-16T13:39:03.098Z] [runtime-status] Running api in mode HTTPS {}
[debug] [2019-11-16T13:39:03.099Z] [runtime-status] Resolved module firebase-admin {"declared":true,"installed":true,"version":"8.7.0","resolution":"C:\\Users\\pabim\\Desktop\\Curso-Profissional-React\\exemplos\\bora-ajudar\\functions\\node_modules\\firebase-admin\\lib\\index.js"}
[debug] [2019-11-16T13:39:03.103Z] {"socketPath":"\\\\?\\pipe\\C:\\Users\\pabim\\Desktop\\Curso-Profissional-React\\exemplos\\bora-ajudar\\functions\\7308"}
[debug] [2019-11-16T13:39:03.105Z] [functions] Runtime ready! Sending request! {"socketPath":"\\\\?\\pipe\\C:\\Users\\pabim\\Desktop\\Curso-Profissional-React\\exemplos\\bora-ajudar\\functions\\7308"}
[debug] [2019-11-16T13:39:03.108Z] [runtime-status] Resolved module firebase-functions {"declared":true,"installed":true,"version":"3.3.0","resolution":"C:\\Users\\pabim\\Desktop\\Curso-Profissional-React\\exemplos\\bora-ajudar\\functions\\node_modules\\firebase-functions\\lib\\index.js"}
[debug] [2019-11-16T13:39:03.108Z] [runtime-status] Resolved module firebase-functions {"declared":true,"installed":true,"version":"3.3.0","resolution":"C:\\Users\\pabim\\Desktop\\Curso-Profissional-React\\exemplos\\bora-ajudar\\functions\\node_modules\\firebase-functions\\lib\\index.js"}
[debug] [2019-11-16T13:39:03.113Z] [runtime-status] Ephemeral server used! {}
[debug] [2019-11-16T13:39:03.340Z] [runtime-status] Ephemeral server survived. {}
[info] >  [2019-11-16T13:39:03.408Z]  @firebase/database: FIREBASE WARNING: {"code":"app/invalid-credential","message":"Credential implementation provided to initializeApp() via the \"credential\" property failed to fetch a valid Google OAuth2 access token with the following error: \"Error fetching access token: Error while making request: getaddrinfo ENOTFOUND metadata.google.internal. Error code: ENOTFOUND\"."} 
[info] >  [2019-11-16T13:39:03.542Z]  @firebase/database: FIREBASE WARNING: {"code":"app/invalid-credential","message":"Credential implementation provided to initializeApp() via the \"credential\" property failed to fetch a valid Google OAuth2 access token with the following error: \"Error fetching access token: Error while making request: getaddrinfo ENOTFOUND metadata.google.internal. Error code: ENOTFOUND\"."} 
[debug] [2019-11-16T13:39:04.497Z] [runtime-status] Trigger "api" has been found, beginning invocation! {}
[info] i  functions: Beginning execution of "api"
[debug] [2019-11-16T13:39:04.498Z] [runtime-status]  {"httpsTrigger":{},"name":"api","entryPoint":"api"}
[debug] [2019-11-16T13:39:04.498Z] [runtime-status] Running api in mode HTTPS {}
[debug] [2019-11-16T13:39:04.509Z] {"socketPath":"\\\\?\\pipe\\C:\\Users\\pabim\\Desktop\\Curso-Profissional-React\\exemplos\\bora-ajudar\\functions\\19808"}
[debug] [2019-11-16T13:39:04.511Z] [functions] Runtime ready! Sending request! {"socketPath":"\\\\?\\pipe\\C:\\Users\\pabim\\Desktop\\Curso-Profissional-React\\exemplos\\bora-ajudar\\functions\\19808"}
[debug] [2019-11-16T13:39:04.521Z] [runtime-status] Ephemeral server used! {}
[info] >  [2019-11-16T13:39:04.612Z]  @firebase/database: FIREBASE WARNING: {"code":"app/invalid-credential","message":"Credential implementation provided to initializeApp() via the \"credential\" property failed to fetch a valid Google OAuth2 access token with the following error: \"Error fetching access token: Error while making request: getaddrinfo ENOTFOUND metadata.google.internal. Error code: ENOTFOUND\"."} 
[debug] [2019-11-16T13:39:04.649Z] [runtime-status] Ephemeral server survived. {}
[info] >  [2019-11-16T13:39:04.681Z]  @firebase/database: FIREBASE WARNING: {"code":"app/invalid-credential","message":"Credential implementation provided to initializeApp() via the \"credential\" property failed to fetch a valid Google OAuth2 access token with the following error: \"Error fetching access token: Error while making request: getaddrinfo ENOTFOUND metadata.google.internal. Error code: ENOTFOUND\"."} 
[info] >  [2019-11-16T13:39:05.237Z]  @firebase/database: FIREBASE WARNING: {"code":"app/invalid-credential","message":"Credential implementation provided to initializeApp() via the \"credential\" property failed to fetch a valid Google OAuth2 access token with the following error: \"Error fetching access token: Error while making request: getaddrinfo ENOTFOUND metadata.google.internal. Error code: ENOTFOUND\"."} 
[info] >  [2019-11-16T13:39:05.970Z]  @firebase/database: FIREBASE WARNING: {"code":"app/invalid-credential","message":"Credential implementation provided to initializeApp() via the \"credential\" property failed to fetch a valid Google OAuth2 access token with the following error: \"Error fetching access token: Error while making request: getaddrinfo ENOTFOUND metadata.google.internal. Error code: ENOTFOUND\"."} 
[info] >  [2019-11-16T13:39:05.996Z]  @firebase/database: FIREBASE WARNING: {"code":"app/invalid-credential","message":"Credential implementation provided to initializeApp() via the \"credential\" property failed to fetch a valid Google OAuth2 access token with the following error: \"Error fetching access token: Error while making request: getaddrinfo ENOTFOUND metadata.google.internal. Error code: ENOTFOUND\"."} 
[info] >  [2019-11-16T13:39:07.036Z]  @firebase/database: FIREBASE WARNING: {"code":"app/invalid-credential","message":"Credential implementation provided to initializeApp() via the \"credential\" property failed to fetch a valid Google OAuth2 access token with the following error: \"Error fetching access token: Error while making request: getaddrinfo ENOTFOUND metadata.google.internal. Error code: ENOTFOUND\"."} 
[info] >  [2019-11-16T13:39:07.169Z]  @firebase/database: FIREBASE WARNING: {"code":"app/invalid-credential","message":"Credential implementation provided to initializeApp() via the \"credential\" property failed to fetch a valid Google OAuth2 access token with the following error: \"Error fetching access token: Error while making request: getaddrinfo ENOTFOUND metadata.google.internal. Error code: ENOTFOUND\"."} 
[info] >  [2019-11-16T13:39:07.521Z]  @firebase/database: FIREBASE WARNING: {"code":"app/invalid-credential","message":"Credential implementation provided to initializeApp() via the \"credential\" property failed to fetch a valid Google OAuth2 access token with the following error: \"Error fetching access token: Error while making request: getaddrinfo ENOTFOUND metadata.google.internal. Error code: ENOTFOUND\"."} 
[info] >  [2019-11-16T13:39:07.758Z]  @firebase/database: FIREBASE WARNING: {"code":"app/invalid-credential","message":"Credential implementation provided to initializeApp() via the \"credential\" property failed to fetch a valid Google OAuth2 access token with the following error: \"Error fetching access token: Error while making request: getaddrinfo ENOTFOUND metadata.google.internal. Error code: ENOTFOUND\"."} 
[info] >  [2019-11-16T13:39:10.301Z]  @firebase/database: FIREBASE WARNING: {"code":"app/invalid-credential","message":"Credential implementation provided to initializeApp() via the \"credential\" property failed to fetch a valid Google OAuth2 access token with the following error: \"Error fetching access token: Error while making request: getaddrinfo ENOTFOUND metadata.google.internal. Error code: ENOTFOUND\"."} 
[info] >  [2019-11-16T13:39:11.116Z]  @firebase/database: FIREBASE WARNING: {"code":"app/invalid-credential","message":"Credential implementation provided to initializeApp() via the \"credential\" property failed to fetch a valid Google OAuth2 access token with the following error: \"Error fetching access token: Error while making request: getaddrinfo ENOTFOUND metadata.google.internal. Error code: ENOTFOUND\"."} 
[info] >  [2019-11-16T13:39:11.448Z]  @firebase/database: FIREBASE WARNING: {"code":"app/invalid-credential","message":"Credential implementation provided to initializeApp() via the \"credential\" property failed to fetch a valid Google OAuth2 access token with the following error: \"Error fetching access token: Error while making request: getaddrinfo ENOTFOUND metadata.google.internal. Error code: ENOTFOUND\"."} 
[info] >  [2019-11-16T13:39:11.473Z]  @firebase/database: FIREBASE WARNING: {"code":"app/invalid-credential","message":"Credential implementation provided to initializeApp() via the \"credential\" property failed to fetch a valid Google OAuth2 access token with the following error: \"Error fetching access token: Error while making request: getaddrinfo ENOTFOUND metadata.google.internal. Error code: ENOTFOUND\"."} 
[info] >  [2019-11-16T13:39:15.345Z]  @firebase/database: FIREBASE WARNING: {"code":"app/invalid-credential","message":"Credential implementation provided to initializeApp() via the \"credential\" property failed to fetch a valid Google OAuth2 access token with the following error: \"Error fetching access token: Error while making request: getaddrinfo ENOTFOUND metadata.google.internal. Error code: ENOTFOUND\"."} 
[info] >  [2019-11-16T13:39:17.715Z]  @firebase/database: FIREBASE WARNING: {"code":"app/invalid-credential","message":"Credential implementation provided to initializeApp() via the \"credential\" property failed to fetch a valid Google OAuth2 access token with the following error: \"Error fetching access token: Error while making request: getaddrinfo ENOTFOUND metadata.google.internal. Error code: ENOTFOUND\"."} 
[info] >  [2019-11-16T13:39:19.411Z]  @firebase/database: FIREBASE WARNING: {"code":"app/invalid-credential","message":"Credential implementation provided to initializeApp() via the \"credential\" property failed to fetch a valid Google OAuth2 access token with the following error: \"Error fetching access token: Error while making request: getaddrinfo ENOTFOUND metadata.google.internal. Error code: ENOTFOUND\"."} 
[info] >  [2019-11-16T13:39:19.830Z]  @firebase/database: FIREBASE WARNING: {"code":"app/invalid-credential","message":"Credential implementation provided to initializeApp() via the \"credential\" property failed to fetch a valid Google OAuth2 access token with the following error: \"Error fetching access token: Error while making request: getaddrinfo ENOTFOUND metadata.google.internal. Error code: ENOTFOUND\"."} 
[debug] [2019-11-16T13:39:20.044Z] File C:\Users\pabim\Desktop\Curso-Profissional-React\exemplos\bora-ajudar\functions\index.js changed, reloading triggers
[debug] [2019-11-16T13:39:20.355Z] File C:\Users\pabim\Desktop\Curso-Profissional-React\exemplos\bora-ajudar\functions\index.js changed, reloading triggers
[debug] [2019-11-16T13:39:20.526Z] File C:\Users\pabim\Desktop\Curso-Profissional-React\exemplos\bora-ajudar\functions\index.js changed, reloading triggers
[info] >  [2019-11-16T13:39:20.965Z]  @firebase/database: FIREBASE WARNING: {"code":"app/invalid-credential","message":"Credential implementation provided to initializeApp() via the \"credential\" property failed to fetch a valid Google OAuth2 access token with the following error: \"Error fetching access token: Error while making request: getaddrinfo ENOTFOUND metadata.google.internal. Error code: ENOTFOUND\"."} 
[debug] [2019-11-16T13:39:21.527Z] [worker-pool]: Marking BUSY worker to finish (api)
[debug] [2019-11-16T13:39:21.527Z] [worker-api-6f7cc5ae-4af6-4e83-b72e-182dbb2bed67]: FINISHING
[debug] [2019-11-16T13:39:21.528Z] [worker-pool]: Marking BUSY worker to finish (api)
[debug] [2019-11-16T13:39:21.530Z] [worker-api-fb302fea-1142-47b5-a320-4299ed5f31ad]: FINISHING
[debug] [2019-11-16T13:39:21.543Z] [worker-~diagnostic~-9a396d9c-01f2-4940-8bce-c0ca97fb2058]: BUSY
[info] >  [2019-11-16T13:39:22.077Z]  @firebase/database: FIREBASE WARNING: {"code":"app/invalid-credential","message":"Credential implementation provided to initializeApp() via the \"credential\" property failed to fetch a valid Google OAuth2 access token with the following error: \"Error fetching access token: Error while making request: getaddrinfo ENOTFOUND metadata.google.internal. Error code: ENOTFOUND\"."} 
[debug] [2019-11-16T13:39:22.141Z] [runtime-status] Functions runtime initialized. {"cwd":"C:\\Users\\pabim\\Desktop\\Curso-Profissional-React\\exemplos\\bora-ajudar\\functions","node_version":"12.9.1"}
[debug] [2019-11-16T13:39:22.142Z] [runtime-status] Disabled runtime features: {"functions_config_helper":true,"network_filtering":true,"timeout":true,"memory_limiting":true,"admin_stubs":true} {}
[debug] [2019-11-16T13:39:22.145Z] [runtime-status] Resolved module firebase-admin {"declared":true,"installed":true,"version":"8.7.0","resolution":"C:\\Users\\pabim\\Desktop\\Curso-Profissional-React\\exemplos\\bora-ajudar\\functions\\node_modules\\firebase-admin\\lib\\index.js"}
[debug] [2019-11-16T13:39:22.148Z] [runtime-status] Resolved module firebase-functions {"declared":true,"installed":true,"version":"3.3.0","resolution":"C:\\Users\\pabim\\Desktop\\Curso-Profissional-React\\exemplos\\bora-ajudar\\functions\\node_modules\\firebase-functions\\lib\\index.js"}
[debug] [2019-11-16T13:39:22.149Z] [runtime-status] Resolved module firebase-functions {"declared":true,"installed":true,"version":"3.3.0","resolution":"C:\\Users\\pabim\\Desktop\\Curso-Profissional-React\\exemplos\\bora-ajudar\\functions\\node_modules\\firebase-functions\\lib\\index.js"}
[debug] [2019-11-16T13:39:22.985Z] [worker-~diagnostic~-9a396d9c-01f2-4940-8bce-c0ca97fb2058]: exited
[debug] [2019-11-16T13:39:22.985Z] [worker-~diagnostic~-9a396d9c-01f2-4940-8bce-c0ca97fb2058]: FINISHED
[debug] [2019-11-16T13:39:23.859Z] Accepted request GET /bora-ajudar-pablo/us-central1/api --> api
[debug] [2019-11-16T13:39:23.867Z] [worker-api-286b3534-57ad-4050-b329-3d0553e5525f]: BUSY
[debug] [2019-11-16T13:39:24.526Z] [runtime-status] Functions runtime initialized. {"cwd":"C:\\Users\\pabim\\Desktop\\Curso-Profissional-React\\exemplos\\bora-ajudar\\functions","node_version":"12.9.1"}
[debug] [2019-11-16T13:39:24.528Z] [runtime-status] Disabled runtime features: {"functions_config_helper":true,"network_filtering":true,"timeout":true,"memory_limiting":true,"admin_stubs":true} {}
[debug] [2019-11-16T13:39:24.534Z] [runtime-status] Resolved module firebase-admin {"declared":true,"installed":true,"version":"8.7.0","resolution":"C:\\Users\\pabim\\Desktop\\Curso-Profissional-React\\exemplos\\bora-ajudar\\functions\\node_modules\\firebase-admin\\lib\\index.js"}
[debug] [2019-11-16T13:39:24.537Z] [runtime-status] Resolved module firebase-functions {"declared":true,"installed":true,"version":"3.3.0","resolution":"C:\\Users\\pabim\\Desktop\\Curso-Profissional-React\\exemplos\\bora-ajudar\\functions\\node_modules\\firebase-functions\\lib\\index.js"}
[debug] [2019-11-16T13:39:24.539Z] [runtime-status] Resolved module firebase-functions {"declared":true,"installed":true,"version":"3.3.0","resolution":"C:\\Users\\pabim\\Desktop\\Curso-Profissional-React\\exemplos\\bora-ajudar\\functions\\node_modules\\firebase-functions\\lib\\index.js"}
[debug] [2019-11-16T13:39:25.276Z] [runtime-status] Trigger "api" has been found, beginning invocation! {}
[info] i  functions: Beginning execution of "api"
[debug] [2019-11-16T13:39:25.277Z] [runtime-status]  {"httpsTrigger":{},"name":"api","entryPoint":"api"}
[debug] [2019-11-16T13:39:25.277Z] [runtime-status] Running api in mode HTTPS {}
[debug] [2019-11-16T13:39:25.284Z] {"socketPath":"\\\\?\\pipe\\C:\\Users\\pabim\\Desktop\\Curso-Profissional-React\\exemplos\\bora-ajudar\\functions\\6788"}
[debug] [2019-11-16T13:39:25.285Z] [functions] Runtime ready! Sending request! {"socketPath":"\\\\?\\pipe\\C:\\Users\\pabim\\Desktop\\Curso-Profissional-React\\exemplos\\bora-ajudar\\functions\\6788"}
[debug] [2019-11-16T13:39:25.292Z] [runtime-status] Ephemeral server used! {}
[debug] [2019-11-16T13:39:25.394Z] [runtime-status] Ephemeral server survived. {}
[info] >  [2019-11-16T13:39:25.441Z]  @firebase/database: FIREBASE WARNING: {"code":"app/invalid-credential","message":"Credential implementation provided to initializeApp() via the \"credential\" property failed to fetch a valid Google OAuth2 access token with the following error: \"Error fetching access token: Error while making request: getaddrinfo ENOTFOUND metadata.google.internal. Error code: ENOTFOUND\"."} 
[info] >  [2019-11-16T13:39:25.660Z]  @firebase/database: FIREBASE WARNING: {"code":"app/invalid-credential","message":"Credential implementation provided to initializeApp() via the \"credential\" property failed to fetch a valid Google OAuth2 access token with the following error: \"Error fetching access token: Error while making request: getaddrinfo ENOTFOUND metadata.google.internal. Error code: ENOTFOUND\"."} 
[info] >  [2019-11-16T13:39:26.709Z]  @firebase/database: FIREBASE WARNING: {"code":"app/invalid-credential","message":"Credential implementation provided to initializeApp() via the \"credential\" property failed to fetch a valid Google OAuth2 access token with the following error: \"Error fetching access token: Error while making request: getaddrinfo ENOTFOUND metadata.google.internal. Error code: ENOTFOUND\"."} 
[info] >  [2019-11-16T13:39:27.306Z]  @firebase/database: FIREBASE WARNING: {"code":"app/invalid-credential","message":"Credential implementation provided to initializeApp() via the \"credential\" property failed to fetch a valid Google OAuth2 access token with the following error: \"Error fetching access token: Error while making request: getaddrinfo ENOTFOUND metadata.google.internal. Error code: ENOTFOUND\"."} 
[info] >  [2019-11-16T13:39:28.085Z]  @firebase/database: FIREBASE WARNING: {"code":"app/invalid-credential","message":"Credential implementation provided to initializeApp() via the \"credential\" property failed to fetch a valid Google OAuth2 access token with the following error: \"Error fetching access token: Error while making request: getaddrinfo ENOTFOUND metadata.google.internal. Error code: ENOTFOUND\"."} 
[info] >  [2019-11-16T13:39:29.081Z]  @firebase/database: FIREBASE WARNING: {"code":"app/invalid-credential","message":"Credential implementation provided to initializeApp() via the \"credential\" property failed to fetch a valid Google OAuth2 access token with the following error: \"Error fetching access token: Error while making request: getaddrinfo ENOTFOUND metadata.google.internal. Error code: ENOTFOUND\"."} 
[info] >  [2019-11-16T13:39:30.086Z]  @firebase/database: FIREBASE WARNING: {"code":"app/invalid-credential","message":"Credential implementation provided to initializeApp() via the \"credential\" property failed to fetch a valid Google OAuth2 access token with the following error: \"Error fetching access token: Error while making request: getaddrinfo ENOTFOUND metadata.google.internal. Error code: ENOTFOUND\"."} 
[info] >  [2019-11-16T13:39:30.752Z]  @firebase/database: FIREBASE WARNING: {"code":"app/invalid-credential","message":"Credential implementation provided to initializeApp() via the \"credential\" property failed to fetch a valid Google OAuth2 access token with the following error: \"Error fetching access token: Error while making request: getaddrinfo ENOTFOUND metadata.google.internal. Error code: ENOTFOUND\"."} 
[info] >  [2019-11-16T13:39:32.876Z]  @firebase/database: FIREBASE WARNING: {"code":"app/invalid-credential","message":"Credential implementation provided to initializeApp() via the \"credential\" property failed to fetch a valid Google OAuth2 access token with the following error: \"Error fetching access token: Error while making request: getaddrinfo ENOTFOUND metadata.google.internal. Error code: ENOTFOUND\"."} 
[info] >  [2019-11-16T13:39:34.566Z]  @firebase/database: FIREBASE WARNING: {"code":"app/invalid-credential","message":"Credential implementation provided to initializeApp() via the \"credential\" property failed to fetch a valid Google OAuth2 access token with the following error: \"Error fetching access token: Error while making request: getaddrinfo ENOTFOUND metadata.google.internal. Error code: ENOTFOUND\"."} 
[info] >  [2019-11-16T13:39:36.752Z]  @firebase/database: FIREBASE WARNING: {"code":"app/invalid-credential","message":"Credential implementation provided to initializeApp() via the \"credential\" property failed to fetch a valid Google OAuth2 access token with the following error: \"Error fetching access token: Error while making request: getaddrinfo ENOTFOUND metadata.google.internal. Error code: ENOTFOUND\"."} 
[info] >  [2019-11-16T13:39:38.555Z]  @firebase/database: FIREBASE WARNING: {"code":"app/invalid-credential","message":"Credential implementation provided to initializeApp() via the \"credential\" property failed to fetch a valid Google OAuth2 access token with the following error: \"Error fetching access token: Error while making request: getaddrinfo ENOTFOUND metadata.google.internal. Error code: ENOTFOUND\"."} 
[debug] [2019-11-16T13:39:41.474Z] File C:\Users\pabim\Desktop\Curso-Profissional-React\exemplos\bora-ajudar\functions\index.js changed, reloading triggers
[debug] [2019-11-16T13:39:41.619Z] File C:\Users\pabim\Desktop\Curso-Profissional-React\exemplos\bora-ajudar\functions\index.js changed, reloading triggers
[debug] [2019-11-16T13:39:42.619Z] [worker-pool]: Marking BUSY worker to finish (api)
[debug] [2019-11-16T13:39:42.619Z] [worker-api-286b3534-57ad-4050-b329-3d0553e5525f]: FINISHING
[debug] [2019-11-16T13:39:42.627Z] [worker-~diagnostic~-11390ae4-4da3-4263-96c1-534e8450db1e]: BUSY
[info] >  [2019-11-16T13:39:42.952Z]  @firebase/database: FIREBASE WARNING: {"code":"app/invalid-credential","message":"Credential implementation provided to initializeApp() via the \"credential\" property failed to fetch a valid Google OAuth2 access token with the following error: \"Error fetching access token: Error while making request: getaddrinfo ENOTFOUND metadata.google.internal. Error code: ENOTFOUND\"."} 
[debug] [2019-11-16T13:39:43.209Z] [runtime-status] Functions runtime initialized. {"cwd":"C:\\Users\\pabim\\Desktop\\Curso-Profissional-React\\exemplos\\bora-ajudar\\functions","node_version":"12.9.1"}
[debug] [2019-11-16T13:39:43.211Z] [runtime-status] Disabled runtime features: {"functions_config_helper":true,"network_filtering":true,"timeout":true,"memory_limiting":true,"admin_stubs":true} {}
[debug] [2019-11-16T13:39:43.217Z] [runtime-status] Resolved module firebase-admin {"declared":true,"installed":true,"version":"8.7.0","resolution":"C:\\Users\\pabim\\Desktop\\Curso-Profissional-React\\exemplos\\bora-ajudar\\functions\\node_modules\\firebase-admin\\lib\\index.js"}
[debug] [2019-11-16T13:39:43.219Z] [runtime-status] Resolved module firebase-functions {"declared":true,"installed":true,"version":"3.3.0","resolution":"C:\\Users\\pabim\\Desktop\\Curso-Profissional-React\\exemplos\\bora-ajudar\\functions\\node_modules\\firebase-functions\\lib\\index.js"}
[debug] [2019-11-16T13:39:43.220Z] [runtime-status] Resolved module firebase-functions {"declared":true,"installed":true,"version":"3.3.0","resolution":"C:\\Users\\pabim\\Desktop\\Curso-Profissional-React\\exemplos\\bora-ajudar\\functions\\node_modules\\firebase-functions\\lib\\index.js"}
[debug] [2019-11-16T13:39:44.017Z] [worker-~diagnostic~-11390ae4-4da3-4263-96c1-534e8450db1e]: exited
[debug] [2019-11-16T13:39:44.017Z] [worker-~diagnostic~-11390ae4-4da3-4263-96c1-534e8450db1e]: FINISHED
[info] >  [2019-11-16T13:39:44.999Z]  @firebase/database: FIREBASE WARNING: {"code":"app/invalid-credential","message":"Credential implementation provided to initializeApp() via the \"credential\" property failed to fetch a valid Google OAuth2 access token with the following error: \"Error fetching access token: Error while making request: getaddrinfo ENOTFOUND metadata.google.internal. Error code: ENOTFOUND\"."} 
[info] >  [2019-11-16T13:39:45.299Z]  @firebase/database: FIREBASE WARNING: {"code":"app/invalid-credential","message":"Credential implementation provided to initializeApp() via the \"credential\" property failed to fetch a valid Google OAuth2 access token with the following error: \"Error fetching access token: Error while making request: getaddrinfo ENOTFOUND metadata.google.internal. Error code: ENOTFOUND\"."} 
[info] >  [2019-11-16T13:39:47.075Z]  @firebase/database: FIREBASE WARNING: {"code":"app/invalid-credential","message":"Credential implementation provided to initializeApp() via the \"credential\" property failed to fetch a valid Google OAuth2 access token with the following error: \"Error fetching access token: Error while making request: getaddrinfo ENOTFOUND metadata.google.internal. Error code: ENOTFOUND\"."} 
[info] >  [2019-11-16T13:39:48.458Z]  @firebase/database: FIREBASE WARNING: {"code":"app/invalid-credential","message":"Credential implementation provided to initializeApp() via the \"credential\" property failed to fetch a valid Google OAuth2 access token with the following error: \"Error fetching access token: Error while making request: getaddrinfo ENOTFOUND metadata.google.internal. Error code: ENOTFOUND\"."} 
[info] >  [2019-11-16T13:40:00.378Z]  @firebase/database: FIREBASE WARNING: {"code":"app/invalid-credential","message":"Credential implementation provided to initializeApp() via the \"credential\" property failed to fetch a valid Google OAuth2 access token with the following error: \"Error fetching access token: Error while making request: getaddrinfo ENOTFOUND metadata.google.internal. Error code: ENOTFOUND\"."} 
[info] >  [2019-11-16T13:40:01.584Z]  @firebase/database: FIREBASE WARNING: {"code":"app/invalid-credential","message":"Credential implementation provided to initializeApp() via the \"credential\" property failed to fetch a valid Google OAuth2 access token with the following error: \"Error fetching access token: Error while making request: getaddrinfo ENOTFOUND metadata.google.internal. Error code: ENOTFOUND\"."} 
[info] >  [2019-11-16T13:40:05.907Z]  @firebase/database: FIREBASE WARNING: {"code":"app/invalid-credential","message":"Credential implementation provided to initializeApp() via the \"credential\" property failed to fetch a valid Google OAuth2 access token with the following error: \"Error fetching access token: Error while making request: getaddrinfo ENOTFOUND metadata.google.internal. Error code: ENOTFOUND\"."} 
[info] >  [2019-11-16T13:40:14.045Z]  @firebase/database: FIREBASE WARNING: {"code":"app/invalid-credential","message":"Credential implementation provided to initializeApp() via the \"credential\" property failed to fetch a valid Google OAuth2 access token with the following error: \"Error fetching access token: Error while making request: getaddrinfo ENOTFOUND metadata.google.internal. Error code: ENOTFOUND\"."} 
[info] >  [2019-11-16T13:40:18.425Z]  @firebase/database: FIREBASE WARNING: {"code":"app/invalid-credential","message":"Credential implementation provided to initializeApp() via the \"credential\" property failed to fetch a valid Google OAuth2 access token with the following error: \"Error fetching access token: Error while making request: getaddrinfo ENOTFOUND metadata.google.internal. Error code: ENOTFOUND\"."} 
[info] >  [2019-11-16T13:40:21.996Z]  @firebase/database: FIREBASE WARNING: {"code":"app/invalid-credential","message":"Credential implementation provided to initializeApp() via the \"credential\" property failed to fetch a valid Google OAuth2 access token with the following error: \"Error fetching access token: Error while making request: getaddrinfo ENOTFOUND metadata.google.internal. Error code: ENOTFOUND\"."} 
[info] >  [2019-11-16T13:40:34.079Z]  @firebase/database: FIREBASE WARNING: {"code":"app/invalid-credential","message":"Credential implementation provided to initializeApp() via the \"credential\" property failed to fetch a valid Google OAuth2 access token with the following error: \"Error fetching access token: Error while making request: getaddrinfo ENOTFOUND metadata.google.internal. Error code: ENOTFOUND\"."} 
[info] >  [2019-11-16T13:40:40.393Z]  @firebase/database: FIREBASE WARNING: {"code":"app/invalid-credential","message":"Credential implementation provided to initializeApp() via the \"credential\" property failed to fetch a valid Google OAuth2 access token with the following error: \"Error fetching access token: Error while making request: getaddrinfo ENOTFOUND metadata.google.internal. Error code: ENOTFOUND\"."} 
[info] >  [2019-11-16T13:40:43.609Z]  @firebase/database: FIREBASE WARNING: {"code":"app/invalid-credential","message":"Credential implementation provided to initializeApp() via the \"credential\" property failed to fetch a valid Google OAuth2 access token with the following error: \"Error fetching access token: Error while making request: getaddrinfo ENOTFOUND metadata.google.internal. Error code: ENOTFOUND\"."} 
[info] >  [2019-11-16T13:40:53.965Z]  @firebase/database: FIREBASE WARNING: {"code":"app/invalid-credential","message":"Credential implementation provided to initializeApp() via the \"credential\" property failed to fetch a valid Google OAuth2 access token with the following error: \"Error fetching access token: Error while making request: getaddrinfo ENOTFOUND metadata.google.internal. Error code: ENOTFOUND\"."} 
[info] >  [2019-11-16T13:40:59.120Z]  @firebase/database: FIREBASE WARNING: {"code":"app/invalid-credential","message":"Credential implementation provided to initializeApp() via the \"credential\" property failed to fetch a valid Google OAuth2 access token with the following error: \"Error fetching access token: Error while making request: getaddrinfo ENOTFOUND metadata.google.internal. Error code: ENOTFOUND\"."} 
[info] >  [2019-11-16T13:41:12.112Z]  @firebase/database: FIREBASE WARNING: {"code":"app/invalid-credential","message":"Credential implementation provided to initializeApp() via the \"credential\" property failed to fetch a valid Google OAuth2 access token with the following error: \"Error fetching access token: Error while making request: getaddrinfo ENOTFOUND metadata.google.internal. Error code: ENOTFOUND\"."} 
[info] >  [2019-11-16T13:41:20.229Z]  @firebase/database: FIREBASE WARNING: {"code":"app/invalid-credential","message":"Credential implementation provided to initializeApp() via the \"credential\" property failed to fetch a valid Google OAuth2 access token with the following error: \"Error fetching access token: Error while making request: getaddrinfo ENOTFOUND metadata.google.internal. Error code: ENOTFOUND\"."} 
[info] >  [2019-11-16T13:41:23.757Z]  @firebase/database: FIREBASE WARNING: {"code":"app/invalid-credential","message":"Credential implementation provided to initializeApp() via the \"credential\" property failed to fetch a valid Google OAuth2 access token with the following error: \"Error fetching access token: Error while making request: getaddrinfo ENOTFOUND metadata.google.internal. Error code: ENOTFOUND\"."} 
[info] >  [2019-11-16T13:41:37.087Z]  @firebase/database: FIREBASE WARNING: {"code":"app/invalid-credential","message":"Credential implementation provided to initializeApp() via the \"credential\" property failed to fetch a valid Google OAuth2 access token with the following error: \"Error fetching access token: Error while making request: getaddrinfo ENOTFOUND metadata.google.internal. Error code: ENOTFOUND\"."} 
[info] >  [2019-11-16T13:41:38.457Z]  @firebase/database: FIREBASE WARNING: {"code":"app/invalid-credential","message":"Credential implementation provided to initializeApp() via the \"credential\" property failed to fetch a valid Google OAuth2 access token with the following error: \"Error fetching access token: Error while making request: getaddrinfo ENOTFOUND metadata.google.internal. Error code: ENOTFOUND\"."} 
[debug] [2019-11-16T13:41:51.949Z] File C:\Users\pabim\Desktop\Curso-Profissional-React\exemplos\bora-ajudar\functions\index.js changed, reloading triggers
[debug] [2019-11-16T13:41:52.359Z] File C:\Users\pabim\Desktop\Curso-Profissional-React\exemplos\bora-ajudar\functions\index.js changed, reloading triggers
[debug] [2019-11-16T13:41:53.372Z] [worker-~diagnostic~-98e8b6c6-d7a4-4cd7-ac84-5f0ac5ab741c]: BUSY
[debug] [2019-11-16T13:41:54.106Z] [runtime-status] Functions runtime initialized. {"cwd":"C:\\Users\\pabim\\Desktop\\Curso-Profissional-React\\exemplos\\bora-ajudar\\functions","node_version":"12.9.1"}
[debug] [2019-11-16T13:41:54.107Z] [runtime-status] Disabled runtime features: {"functions_config_helper":true,"network_filtering":true,"timeout":true,"memory_limiting":true,"admin_stubs":true} {}
[debug] [2019-11-16T13:41:54.113Z] [runtime-status] Resolved module firebase-admin {"declared":true,"installed":true,"version":"8.7.0","resolution":"C:\\Users\\pabim\\Desktop\\Curso-Profissional-React\\exemplos\\bora-ajudar\\functions\\node_modules\\firebase-admin\\lib\\index.js"}
[debug] [2019-11-16T13:41:54.116Z] [runtime-status] Resolved module firebase-functions {"declared":true,"installed":true,"version":"3.3.0","resolution":"C:\\Users\\pabim\\Desktop\\Curso-Profissional-React\\exemplos\\bora-ajudar\\functions\\node_modules\\firebase-functions\\lib\\index.js"}
[debug] [2019-11-16T13:41:54.117Z] [runtime-status] Resolved module firebase-functions {"declared":true,"installed":true,"version":"3.3.0","resolution":"C:\\Users\\pabim\\Desktop\\Curso-Profissional-React\\exemplos\\bora-ajudar\\functions\\node_modules\\firebase-functions\\lib\\index.js"}
[info] >  [2019-11-16T13:41:54.561Z]  @firebase/database: FIREBASE WARNING: {"code":"app/invalid-credential","message":"Credential implementation provided to initializeApp() via the \"credential\" property failed to fetch a valid Google OAuth2 access token with the following error: \"Error fetching access token: Error while making request: getaddrinfo ENOTFOUND metadata.google.internal. Error code: ENOTFOUND\"."} 
[debug] [2019-11-16T13:41:55.073Z] [worker-~diagnostic~-98e8b6c6-d7a4-4cd7-ac84-5f0ac5ab741c]: exited
[debug] [2019-11-16T13:41:55.073Z] [worker-~diagnostic~-98e8b6c6-d7a4-4cd7-ac84-5f0ac5ab741c]: FINISHED
[info] >  [2019-11-16T13:41:56.558Z]  @firebase/database: FIREBASE WARNING: {"code":"app/invalid-credential","message":"Credential implementation provided to initializeApp() via the \"credential\" property failed to fetch a valid Google OAuth2 access token with the following error: \"Error fetching access token: Error while making request: getaddrinfo ENOTFOUND metadata.google.internal. Error code: ENOTFOUND\"."} 
[debug] [2019-11-16T13:41:56.917Z] Accepted request GET /bora-ajudar-pablo/us-central1/api --> api
[debug] [2019-11-16T13:41:56.924Z] [worker-api-c5b253b9-2d6e-46d0-99f5-ee87dcbf0a64]: BUSY
[info] >  [2019-11-16T13:41:57.168Z]  @firebase/database: FIREBASE WARNING: {"code":"app/invalid-credential","message":"Credential implementation provided to initializeApp() via the \"credential\" property failed to fetch a valid Google OAuth2 access token with the following error: \"Error fetching access token: Error while making request: getaddrinfo ENOTFOUND metadata.google.internal. Error code: ENOTFOUND\"."} 
[debug] [2019-11-16T13:41:57.461Z] [runtime-status] Functions runtime initialized. {"cwd":"C:\\Users\\pabim\\Desktop\\Curso-Profissional-React\\exemplos\\bora-ajudar\\functions","node_version":"12.9.1"}
[debug] [2019-11-16T13:41:57.462Z] [runtime-status] Disabled runtime features: {"functions_config_helper":true,"network_filtering":true,"timeout":true,"memory_limiting":true,"admin_stubs":true} {}
[debug] [2019-11-16T13:41:57.465Z] [runtime-status] Resolved module firebase-admin {"declared":true,"installed":true,"version":"8.7.0","resolution":"C:\\Users\\pabim\\Desktop\\Curso-Profissional-React\\exemplos\\bora-ajudar\\functions\\node_modules\\firebase-admin\\lib\\index.js"}
[debug] [2019-11-16T13:41:57.468Z] [runtime-status] Resolved module firebase-functions {"declared":true,"installed":true,"version":"3.3.0","resolution":"C:\\Users\\pabim\\Desktop\\Curso-Profissional-React\\exemplos\\bora-ajudar\\functions\\node_modules\\firebase-functions\\lib\\index.js"}
[debug] [2019-11-16T13:41:57.470Z] [runtime-status] Resolved module firebase-functions {"declared":true,"installed":true,"version":"3.3.0","resolution":"C:\\Users\\pabim\\Desktop\\Curso-Profissional-React\\exemplos\\bora-ajudar\\functions\\node_modules\\firebase-functions\\lib\\index.js"}
[debug] [2019-11-16T13:41:58.216Z] [runtime-status] Trigger "api" has been found, beginning invocation! {}
[info] i  functions: Beginning execution of "api"
[debug] [2019-11-16T13:41:58.217Z] [runtime-status]  {"httpsTrigger":{},"name":"api","entryPoint":"api"}
[debug] [2019-11-16T13:41:58.217Z] [runtime-status] Running api in mode HTTPS {}
[debug] [2019-11-16T13:41:58.222Z] {"socketPath":"\\\\?\\pipe\\C:\\Users\\pabim\\Desktop\\Curso-Profissional-React\\exemplos\\bora-ajudar\\functions\\3144"}
[debug] [2019-11-16T13:41:58.224Z] [functions] Runtime ready! Sending request! {"socketPath":"\\\\?\\pipe\\C:\\Users\\pabim\\Desktop\\Curso-Profissional-React\\exemplos\\bora-ajudar\\functions\\3144"}
[debug] [2019-11-16T13:41:58.232Z] [runtime-status] Ephemeral server used! {}
[debug] [2019-11-16T13:41:58.241Z] [runtime-status] Ephemeral server survived. {}
[info] i  functions: Finished "api" in ~1s
[debug] [2019-11-16T13:41:58.260Z] [worker-api-c5b253b9-2d6e-46d0-99f5-ee87dcbf0a64]: IDLE
[info] >  [2019-11-16T13:42:00.981Z]  @firebase/database: FIREBASE WARNING: {"code":"app/invalid-credential","message":"Credential implementation provided to initializeApp() via the \"credential\" property failed to fetch a valid Google OAuth2 access token with the following error: \"Error fetching access token: Error while making request: getaddrinfo ENOTFOUND metadata.google.internal. Error code: ENOTFOUND\"."} 
[info] >  [2019-11-16T13:42:11.499Z]  @firebase/database: FIREBASE WARNING: {"code":"app/invalid-credential","message":"Credential implementation provided to initializeApp() via the \"credential\" property failed to fetch a valid Google OAuth2 access token with the following error: \"Error fetching access token: Error while making request: getaddrinfo ENOTFOUND metadata.google.internal. Error code: ENOTFOUND\"."} 
[info] >  [2019-11-16T13:42:29.557Z]  @firebase/database: FIREBASE WARNING: {"code":"app/invalid-credential","message":"Credential implementation provided to initializeApp() via the \"credential\" property failed to fetch a valid Google OAuth2 access token with the following error: \"Error fetching access token: Error while making request: getaddrinfo ENOTFOUND metadata.google.internal. Error code: ENOTFOUND\"."} 
[info] >  [2019-11-16T13:42:42.613Z]  @firebase/database: FIREBASE WARNING: {"code":"app/invalid-credential","message":"Credential implementation provided to initializeApp() via the \"credential\" property failed to fetch a valid Google OAuth2 access token with the following error: \"Error fetching access token: Error while making request: getaddrinfo ENOTFOUND metadata.google.internal. Error code: ENOTFOUND\"."} 
[debug] [2019-11-16T13:42:52.729Z] File C:\Users\pabim\Desktop\Curso-Profissional-React\exemplos\bora-ajudar\functions\index.js changed, reloading triggers
[debug] [2019-11-16T13:42:53.731Z] [worker-pool]: Shutting down IDLE worker (api)
[debug] [2019-11-16T13:42:53.743Z] [worker-~diagnostic~-beb37a9c-819e-4922-86c9-978a77141d5f]: BUSY
[debug] [2019-11-16T13:42:53.744Z] [worker-api-c5b253b9-2d6e-46d0-99f5-ee87dcbf0a64]: exited
[debug] [2019-11-16T13:42:53.744Z] [worker-api-c5b253b9-2d6e-46d0-99f5-ee87dcbf0a64]: FINISHED
[debug] [2019-11-16T13:42:54.092Z] File C:\Users\pabim\Desktop\Curso-Profissional-React\exemplos\bora-ajudar\functions\index.js changed, reloading triggers
[debug] [2019-11-16T13:42:54.387Z] File C:\Users\pabim\Desktop\Curso-Profissional-React\exemplos\bora-ajudar\functions\index.js changed, reloading triggers
[debug] [2019-11-16T13:42:54.524Z] [runtime-status] Functions runtime initialized. {"cwd":"C:\\Users\\pabim\\Desktop\\Curso-Profissional-React\\exemplos\\bora-ajudar\\functions","node_version":"12.9.1"}
[debug] [2019-11-16T13:42:54.527Z] [runtime-status] Disabled runtime features: {"functions_config_helper":true,"network_filtering":true,"timeout":true,"memory_limiting":true,"admin_stubs":true} {}
[debug] [2019-11-16T13:42:54.532Z] [runtime-status] Resolved module firebase-admin {"declared":true,"installed":true,"version":"8.7.0","resolution":"C:\\Users\\pabim\\Desktop\\Curso-Profissional-React\\exemplos\\bora-ajudar\\functions\\node_modules\\firebase-admin\\lib\\index.js"}
[debug] [2019-11-16T13:42:54.535Z] [runtime-status] Resolved module firebase-functions {"declared":true,"installed":true,"version":"3.3.0","resolution":"C:\\Users\\pabim\\Desktop\\Curso-Profissional-React\\exemplos\\bora-ajudar\\functions\\node_modules\\firebase-functions\\lib\\index.js"}
[debug] [2019-11-16T13:42:54.536Z] [runtime-status] Resolved module firebase-functions {"declared":true,"installed":true,"version":"3.3.0","resolution":"C:\\Users\\pabim\\Desktop\\Curso-Profissional-React\\exemplos\\bora-ajudar\\functions\\node_modules\\firebase-functions\\lib\\index.js"}
[debug] [2019-11-16T13:42:54.581Z] File C:\Users\pabim\Desktop\Curso-Profissional-React\exemplos\bora-ajudar\functions\index.js changed, reloading triggers
[debug] [2019-11-16T13:42:55.583Z] [worker-pool]: Marking BUSY worker to finish (~diagnostic~)
[debug] [2019-11-16T13:42:55.583Z] [worker-~diagnostic~-beb37a9c-819e-4922-86c9-978a77141d5f]: FINISHING
[debug] [2019-11-16T13:42:55.592Z] [worker-~diagnostic~-0db86971-c3bf-45d8-bcc2-d9c52f0d5e92]: BUSY
[debug] [2019-11-16T13:42:55.764Z] [worker-~diagnostic~-beb37a9c-819e-4922-86c9-978a77141d5f]: exited
[debug] [2019-11-16T13:42:55.764Z] [worker-~diagnostic~-beb37a9c-819e-4922-86c9-978a77141d5f]: FINISHED
[debug] [2019-11-16T13:42:56.210Z] [runtime-status] Functions runtime initialized. {"cwd":"C:\\Users\\pabim\\Desktop\\Curso-Profissional-React\\exemplos\\bora-ajudar\\functions","node_version":"12.9.1"}
[debug] [2019-11-16T13:42:56.213Z] [runtime-status] Disabled runtime features: {"functions_config_helper":true,"network_filtering":true,"timeout":true,"memory_limiting":true,"admin_stubs":true} {}
[debug] [2019-11-16T13:42:56.217Z] [runtime-status] Resolved module firebase-admin {"declared":true,"installed":true,"version":"8.7.0","resolution":"C:\\Users\\pabim\\Desktop\\Curso-Profissional-React\\exemplos\\bora-ajudar\\functions\\node_modules\\firebase-admin\\lib\\index.js"}
[debug] [2019-11-16T13:42:56.220Z] [runtime-status] Resolved module firebase-functions {"declared":true,"installed":true,"version":"3.3.0","resolution":"C:\\Users\\pabim\\Desktop\\Curso-Profissional-React\\exemplos\\bora-ajudar\\functions\\node_modules\\firebase-functions\\lib\\index.js"}
[debug] [2019-11-16T13:42:56.221Z] [runtime-status] Resolved module firebase-functions {"declared":true,"installed":true,"version":"3.3.0","resolution":"C:\\Users\\pabim\\Desktop\\Curso-Profissional-React\\exemplos\\bora-ajudar\\functions\\node_modules\\firebase-functions\\lib\\index.js"}
[debug] [2019-11-16T13:42:56.956Z] [worker-~diagnostic~-0db86971-c3bf-45d8-bcc2-d9c52f0d5e92]: exited
[debug] [2019-11-16T13:42:56.956Z] [worker-~diagnostic~-0db86971-c3bf-45d8-bcc2-d9c52f0d5e92]: FINISHED
[info] >  [2019-11-16T13:43:00.042Z]  @firebase/database: FIREBASE WARNING: {"code":"app/invalid-credential","message":"Credential implementation provided to initializeApp() via the \"credential\" property failed to fetch a valid Google OAuth2 access token with the following error: \"Error fetching access token: Error while making request: getaddrinfo ENOTFOUND metadata.google.internal. Error code: ENOTFOUND\"."} 
[debug] [2019-11-16T13:43:02.181Z] File C:\Users\pabim\Desktop\Curso-Profissional-React\exemplos\bora-ajudar\functions\index.js changed, reloading triggers
[debug] [2019-11-16T13:43:02.339Z] File C:\Users\pabim\Desktop\Curso-Profissional-React\exemplos\bora-ajudar\functions\index.js changed, reloading triggers
[debug] [2019-11-16T13:43:03.345Z] [worker-~diagnostic~-bbdffd88-cac5-4cc0-876c-c9f27395bc71]: BUSY
[debug] [2019-11-16T13:43:03.579Z] File C:\Users\pabim\Desktop\Curso-Profissional-React\exemplos\bora-ajudar\functions\index.js changed, reloading triggers
[debug] [2019-11-16T13:43:03.874Z] File C:\Users\pabim\Desktop\Curso-Profissional-React\exemplos\bora-ajudar\functions\index.js changed, reloading triggers
[debug] [2019-11-16T13:43:04.149Z] [runtime-status] Functions runtime initialized. {"cwd":"C:\\Users\\pabim\\Desktop\\Curso-Profissional-React\\exemplos\\bora-ajudar\\functions","node_version":"12.9.1"}
[debug] [2019-11-16T13:43:04.151Z] [runtime-status] Disabled runtime features: {"functions_config_helper":true,"network_filtering":true,"timeout":true,"memory_limiting":true,"admin_stubs":true} {}
[debug] [2019-11-16T13:43:04.156Z] [runtime-status] Resolved module firebase-admin {"declared":true,"installed":true,"version":"8.7.0","resolution":"C:\\Users\\pabim\\Desktop\\Curso-Profissional-React\\exemplos\\bora-ajudar\\functions\\node_modules\\firebase-admin\\lib\\index.js"}
[debug] [2019-11-16T13:43:04.158Z] [runtime-status] Resolved module firebase-functions {"declared":true,"installed":true,"version":"3.3.0","resolution":"C:\\Users\\pabim\\Desktop\\Curso-Profissional-React\\exemplos\\bora-ajudar\\functions\\node_modules\\firebase-functions\\lib\\index.js"}
[debug] [2019-11-16T13:43:04.159Z] [runtime-status] Resolved module firebase-functions {"declared":true,"installed":true,"version":"3.3.0","resolution":"C:\\Users\\pabim\\Desktop\\Curso-Profissional-React\\exemplos\\bora-ajudar\\functions\\node_modules\\firebase-functions\\lib\\index.js"}
[debug] [2019-11-16T13:43:04.362Z] File C:\Users\pabim\Desktop\Curso-Profissional-React\exemplos\bora-ajudar\functions\index.js changed, reloading triggers
[debug] [2019-11-16T13:43:05.061Z] File C:\Users\pabim\Desktop\Curso-Profissional-React\exemplos\bora-ajudar\functions\index.js changed, reloading triggers
[debug] [2019-11-16T13:43:05.393Z] [worker-~diagnostic~-bbdffd88-cac5-4cc0-876c-c9f27395bc71]: exited
[debug] [2019-11-16T13:43:05.393Z] [worker-~diagnostic~-bbdffd88-cac5-4cc0-876c-c9f27395bc71]: FINISHED
[debug] [2019-11-16T13:43:06.068Z] [worker-~diagnostic~-1cef1988-a982-443b-9f0e-fd9d45fa372d]: BUSY
[debug] [2019-11-16T13:43:06.341Z] File C:\Users\pabim\Desktop\Curso-Profissional-React\exemplos\bora-ajudar\functions\index.js changed, reloading triggers
[debug] [2019-11-16T13:43:06.683Z] [runtime-status] Functions runtime initialized. {"cwd":"C:\\Users\\pabim\\Desktop\\Curso-Profissional-React\\exemplos\\bora-ajudar\\functions","node_version":"12.9.1"}
[debug] [2019-11-16T13:43:06.685Z] [runtime-status] Disabled runtime features: {"functions_config_helper":true,"network_filtering":true,"timeout":true,"memory_limiting":true,"admin_stubs":true} {}
[debug] [2019-11-16T13:43:06.689Z] [runtime-status] Resolved module firebase-admin {"declared":true,"installed":true,"version":"8.7.0","resolution":"C:\\Users\\pabim\\Desktop\\Curso-Profissional-React\\exemplos\\bora-ajudar\\functions\\node_modules\\firebase-admin\\lib\\index.js"}
[debug] [2019-11-16T13:43:06.692Z] [runtime-status] Resolved module firebase-functions {"declared":true,"installed":true,"version":"3.3.0","resolution":"C:\\Users\\pabim\\Desktop\\Curso-Profissional-React\\exemplos\\bora-ajudar\\functions\\node_modules\\firebase-functions\\lib\\index.js"}
[debug] [2019-11-16T13:43:06.694Z] [runtime-status] Resolved module firebase-functions {"declared":true,"installed":true,"version":"3.3.0","resolution":"C:\\Users\\pabim\\Desktop\\Curso-Profissional-React\\exemplos\\bora-ajudar\\functions\\node_modules\\firebase-functions\\lib\\index.js"}
[debug] [2019-11-16T13:43:06.732Z] File C:\Users\pabim\Desktop\Curso-Profissional-React\exemplos\bora-ajudar\functions\index.js changed, reloading triggers
[debug] [2019-11-16T13:43:06.997Z] File C:\Users\pabim\Desktop\Curso-Profissional-React\exemplos\bora-ajudar\functions\index.js changed, reloading triggers
[debug] [2019-11-16T13:43:07.544Z] [worker-~diagnostic~-1cef1988-a982-443b-9f0e-fd9d45fa372d]: exited
[debug] [2019-11-16T13:43:07.544Z] [worker-~diagnostic~-1cef1988-a982-443b-9f0e-fd9d45fa372d]: FINISHED
[debug] [2019-11-16T13:43:08.004Z] [worker-~diagnostic~-9452abbe-47a7-4eb5-b0f5-0a8d8f59584b]: BUSY
[info] >  [2019-11-16T13:43:08.369Z]  @firebase/database: FIREBASE WARNING: {"code":"app/invalid-credential","message":"Credential implementation provided to initializeApp() via the \"credential\" property failed to fetch a valid Google OAuth2 access token with the following error: \"Error fetching access token: Error while making request: getaddrinfo ENOTFOUND metadata.google.internal. Error code: ENOTFOUND\"."} 
[debug] [2019-11-16T13:43:08.611Z] [runtime-status] Functions runtime initialized. {"cwd":"C:\\Users\\pabim\\Desktop\\Curso-Profissional-React\\exemplos\\bora-ajudar\\functions","node_version":"12.9.1"}
[debug] [2019-11-16T13:43:08.614Z] [runtime-status] Disabled runtime features: {"functions_config_helper":true,"network_filtering":true,"timeout":true,"memory_limiting":true,"admin_stubs":true} {}
[debug] [2019-11-16T13:43:08.619Z] [runtime-status] Resolved module firebase-admin {"declared":true,"installed":true,"version":"8.7.0","resolution":"C:\\Users\\pabim\\Desktop\\Curso-Profissional-React\\exemplos\\bora-ajudar\\functions\\node_modules\\firebase-admin\\lib\\index.js"}
[debug] [2019-11-16T13:43:08.621Z] [runtime-status] Resolved module firebase-functions {"declared":true,"installed":true,"version":"3.3.0","resolution":"C:\\Users\\pabim\\Desktop\\Curso-Profissional-React\\exemplos\\bora-ajudar\\functions\\node_modules\\firebase-functions\\lib\\index.js"}
[debug] [2019-11-16T13:43:08.622Z] [runtime-status] Resolved module firebase-functions {"declared":true,"installed":true,"version":"3.3.0","resolution":"C:\\Users\\pabim\\Desktop\\Curso-Profissional-React\\exemplos\\bora-ajudar\\functions\\node_modules\\firebase-functions\\lib\\index.js"}
[debug] [2019-11-16T13:43:09.681Z] [worker-~diagnostic~-9452abbe-47a7-4eb5-b0f5-0a8d8f59584b]: exited
[debug] [2019-11-16T13:43:09.682Z] [worker-~diagnostic~-9452abbe-47a7-4eb5-b0f5-0a8d8f59584b]: FINISHED
[debug] [2019-11-16T13:43:11.359Z] Accepted request GET /bora-ajudar-pablo/us-central1/api --> api
[debug] [2019-11-16T13:43:11.364Z] [worker-api-1c34ca57-cf72-4c21-95c7-7f0f75f31a7f]: BUSY
[debug] [2019-11-16T13:43:11.974Z] [runtime-status] Functions runtime initialized. {"cwd":"C:\\Users\\pabim\\Desktop\\Curso-Profissional-React\\exemplos\\bora-ajudar\\functions","node_version":"12.9.1"}
[debug] [2019-11-16T13:43:11.977Z] [runtime-status] Disabled runtime features: {"functions_config_helper":true,"network_filtering":true,"timeout":true,"memory_limiting":true,"admin_stubs":true} {}
[debug] [2019-11-16T13:43:11.980Z] [runtime-status] Resolved module firebase-admin {"declared":true,"installed":true,"version":"8.7.0","resolution":"C:\\Users\\pabim\\Desktop\\Curso-Profissional-React\\exemplos\\bora-ajudar\\functions\\node_modules\\firebase-admin\\lib\\index.js"}
[debug] [2019-11-16T13:43:11.981Z] [runtime-status] Resolved module firebase-functions {"declared":true,"installed":true,"version":"3.3.0","resolution":"C:\\Users\\pabim\\Desktop\\Curso-Profissional-React\\exemplos\\bora-ajudar\\functions\\node_modules\\firebase-functions\\lib\\index.js"}
[debug] [2019-11-16T13:43:11.982Z] [runtime-status] Resolved module firebase-functions {"declared":true,"installed":true,"version":"3.3.0","resolution":"C:\\Users\\pabim\\Desktop\\Curso-Profissional-React\\exemplos\\bora-ajudar\\functions\\node_modules\\firebase-functions\\lib\\index.js"}
[debug] [2019-11-16T13:43:12.727Z] [runtime-status] Trigger "api" has been found, beginning invocation! {}
[info] i  functions: Beginning execution of "api"
[debug] [2019-11-16T13:43:12.728Z] [runtime-status]  {"httpsTrigger":{},"name":"api","entryPoint":"api"}
[debug] [2019-11-16T13:43:12.728Z] [runtime-status] Running api in mode HTTPS {}
[debug] [2019-11-16T13:43:12.736Z] {"socketPath":"\\\\?\\pipe\\C:\\Users\\pabim\\Desktop\\Curso-Profissional-React\\exemplos\\bora-ajudar\\functions\\17032"}
[debug] [2019-11-16T13:43:12.737Z] [functions] Runtime ready! Sending request! {"socketPath":"\\\\?\\pipe\\C:\\Users\\pabim\\Desktop\\Curso-Profissional-React\\exemplos\\bora-ajudar\\functions\\17032"}
[debug] [2019-11-16T13:43:12.743Z] [runtime-status] Ephemeral server used! {}
[debug] [2019-11-16T13:43:12.842Z] [runtime-status] Ephemeral server survived. {}
[info] >  [2019-11-16T13:43:12.889Z]  @firebase/database: FIREBASE WARNING: {"code":"app/invalid-credential","message":"Credential implementation provided to initializeApp() via the \"credential\" property failed to fetch a valid Google OAuth2 access token with the following error: \"Error fetching access token: Error while making request: getaddrinfo ENOTFOUND metadata.google.internal. Error code: ENOTFOUND\"."} 
[info] >  [2019-11-16T13:43:13.056Z]  @firebase/database: FIREBASE WARNING: {"code":"app/invalid-credential","message":"Credential implementation provided to initializeApp() via the \"credential\" property failed to fetch a valid Google OAuth2 access token with the following error: \"Error fetching access token: Error while making request: getaddrinfo ENOTFOUND metadata.google.internal. Error code: ENOTFOUND\"."} 
[info] >  [2019-11-16T13:43:13.571Z]  @firebase/database: FIREBASE WARNING: {"code":"app/invalid-credential","message":"Credential implementation provided to initializeApp() via the \"credential\" property failed to fetch a valid Google OAuth2 access token with the following error: \"Error fetching access token: Error while making request: getaddrinfo ENOTFOUND metadata.google.internal. Error code: ENOTFOUND\"."} 
[info] >  [2019-11-16T13:43:14.251Z]  @firebase/database: FIREBASE WARNING: {"code":"app/invalid-credential","message":"Credential implementation provided to initializeApp() via the \"credential\" property failed to fetch a valid Google OAuth2 access token with the following error: \"Error fetching access token: Error while making request: getaddrinfo ENOTFOUND metadata.google.internal. Error code: ENOTFOUND\"."} 
[info] >  [2019-11-16T13:43:14.558Z]  @firebase/database: FIREBASE WARNING: {"code":"app/invalid-credential","message":"Credential implementation provided to initializeApp() via the \"credential\" property failed to fetch a valid Google OAuth2 access token with the following error: \"Error fetching access token: Error while making request: getaddrinfo ENOTFOUND metadata.google.internal. Error code: ENOTFOUND\"."} 
[info] >  [2019-11-16T13:43:14.888Z]  @firebase/database: FIREBASE WARNING: {"code":"app/invalid-credential","message":"Credential implementation provided to initializeApp() via the \"credential\" property failed to fetch a valid Google OAuth2 access token with the following error: \"Error fetching access token: Error while making request: getaddrinfo ENOTFOUND metadata.google.internal. Error code: ENOTFOUND\"."} 
[info] >  [2019-11-16T13:43:18.611Z]  @firebase/database: FIREBASE WARNING: {"code":"app/invalid-credential","message":"Credential implementation provided to initializeApp() via the \"credential\" property failed to fetch a valid Google OAuth2 access token with the following error: \"Error fetching access token: Error while making request: getaddrinfo ENOTFOUND metadata.google.internal. Error code: ENOTFOUND\"."} 
[info] >  [2019-11-16T13:43:21.602Z]  @firebase/database: FIREBASE WARNING: {"code":"app/invalid-credential","message":"Credential implementation provided to initializeApp() via the \"credential\" property failed to fetch a valid Google OAuth2 access token with the following error: \"Error fetching access token: Error while making request: getaddrinfo ENOTFOUND metadata.google.internal. Error code: ENOTFOUND\"."} 
[info] >  [2019-11-16T13:43:24.592Z]  @firebase/database: FIREBASE WARNING: {"code":"app/invalid-credential","message":"Credential implementation provided to initializeApp() via the \"credential\" property failed to fetch a valid Google OAuth2 access token with the following error: \"Error fetching access token: Error while making request: getaddrinfo ENOTFOUND metadata.google.internal. Error code: ENOTFOUND\"."} 
[info] >  [2019-11-16T13:43:30.718Z]  @firebase/database: FIREBASE WARNING: {"code":"app/invalid-credential","message":"Credential implementation provided to initializeApp() via the \"credential\" property failed to fetch a valid Google OAuth2 access token with the following error: \"Error fetching access token: Error while making request: getaddrinfo ENOTFOUND metadata.google.internal. Error code: ENOTFOUND\"."} 
[info] >  [2019-11-16T13:43:36.722Z]  @firebase/database: FIREBASE WARNING: {"code":"app/invalid-credential","message":"Credential implementation provided to initializeApp() via the \"credential\" property failed to fetch a valid Google OAuth2 access token with the following error: \"Error fetching access token: Error while making request: getaddrinfo ENOTFOUND metadata.google.internal. Error code: ENOTFOUND\"."} 
[info] >  [2019-11-16T13:43:46.663Z]  @firebase/database: FIREBASE WARNING: {"code":"app/invalid-credential","message":"Credential implementation provided to initializeApp() via the \"credential\" property failed to fetch a valid Google OAuth2 access token with the following error: \"Error fetching access token: Error while making request: getaddrinfo ENOTFOUND metadata.google.internal. Error code: ENOTFOUND\"."} 
[info] >  [2019-11-16T13:43:57.868Z]  @firebase/database: FIREBASE WARNING: {"code":"app/invalid-credential","message":"Credential implementation provided to initializeApp() via the \"credential\" property failed to fetch a valid Google OAuth2 access token with the following error: \"Error fetching access token: Error while making request: getaddrinfo ENOTFOUND metadata.google.internal. Error code: ENOTFOUND\"."} 
[info] >  [2019-11-16T13:44:10.926Z]  @firebase/database: FIREBASE WARNING: {"code":"app/invalid-credential","message":"Credential implementation provided to initializeApp() via the \"credential\" property failed to fetch a valid Google OAuth2 access token with the following error: \"Error fetching access token: Error while making request: getaddrinfo ENOTFOUND metadata.google.internal. Error code: ENOTFOUND\"."} 
[info] >  [2019-11-16T13:44:16.508Z]  @firebase/database: FIREBASE WARNING: {"code":"app/invalid-credential","message":"Credential implementation provided to initializeApp() via the \"credential\" property failed to fetch a valid Google OAuth2 access token with the following error: \"Error fetching access token: Error while making request: getaddrinfo ENOTFOUND metadata.google.internal. Error code: ENOTFOUND\"."} 
[info] >  [2019-11-16T13:44:42.016Z]  @firebase/database: FIREBASE WARNING: {"code":"app/invalid-credential","message":"Credential implementation provided to initializeApp() via the \"credential\" property failed to fetch a valid Google OAuth2 access token with the following error: \"Error fetching access token: Error while making request: getaddrinfo ENOTFOUND metadata.google.internal. Error code: ENOTFOUND\"."} 
[info] >  [2019-11-16T13:44:53.300Z]  @firebase/database: FIREBASE WARNING: {"code":"app/invalid-credential","message":"Credential implementation provided to initializeApp() via the \"credential\" property failed to fetch a valid Google OAuth2 access token with the following error: \"Error fetching access token: Error while making request: getaddrinfo ENOTFOUND metadata.google.internal. Error code: ENOTFOUND\"."} 
[debug] [2019-11-16T13:45:08.976Z] File C:\Users\pabim\Desktop\Curso-Profissional-React\exemplos\bora-ajudar\functions\index.js changed, reloading triggers
[debug] [2019-11-16T13:45:09.977Z] [worker-pool]: Marking BUSY worker to finish (api)
[debug] [2019-11-16T13:45:09.977Z] [worker-api-1c34ca57-cf72-4c21-95c7-7f0f75f31a7f]: FINISHING
[debug] [2019-11-16T13:45:09.984Z] [worker-~diagnostic~-a02d4ce6-0d43-4107-966a-21ad4e1c3f18]: BUSY
[debug] [2019-11-16T13:45:10.332Z] File C:\Users\pabim\Desktop\Curso-Profissional-React\exemplos\bora-ajudar\functions\index.js changed, reloading triggers
[debug] [2019-11-16T13:45:10.788Z] [runtime-status] Functions runtime initialized. {"cwd":"C:\\Users\\pabim\\Desktop\\Curso-Profissional-React\\exemplos\\bora-ajudar\\functions","node_version":"12.9.1"}
[debug] [2019-11-16T13:45:10.792Z] [runtime-status] Disabled runtime features: {"functions_config_helper":true,"network_filtering":true,"timeout":true,"memory_limiting":true,"admin_stubs":true} {}
[debug] [2019-11-16T13:45:10.802Z] [runtime-status] Resolved module firebase-admin {"declared":true,"installed":true,"version":"8.7.0","resolution":"C:\\Users\\pabim\\Desktop\\Curso-Profissional-React\\exemplos\\bora-ajudar\\functions\\node_modules\\firebase-admin\\lib\\index.js"}
[debug] [2019-11-16T13:45:10.805Z] [runtime-status] Resolved module firebase-functions {"declared":true,"installed":true,"version":"3.3.0","resolution":"C:\\Users\\pabim\\Desktop\\Curso-Profissional-React\\exemplos\\bora-ajudar\\functions\\node_modules\\firebase-functions\\lib\\index.js"}
[debug] [2019-11-16T13:45:10.806Z] [runtime-status] Resolved module firebase-functions {"declared":true,"installed":true,"version":"3.3.0","resolution":"C:\\Users\\pabim\\Desktop\\Curso-Profissional-React\\exemplos\\bora-ajudar\\functions\\node_modules\\firebase-functions\\lib\\index.js"}
[info] >  [2019-11-16T13:45:11.258Z]  @firebase/database: FIREBASE WARNING: {"code":"app/invalid-credential","message":"Credential implementation provided to initializeApp() via the \"credential\" property failed to fetch a valid Google OAuth2 access token with the following error: \"Error fetching access token: Error while making request: getaddrinfo ENOTFOUND metadata.google.internal. Error code: ENOTFOUND\"."} 
[debug] [2019-11-16T13:45:11.332Z] [worker-pool]: Marking BUSY worker to finish (~diagnostic~)
[debug] [2019-11-16T13:45:11.332Z] [worker-~diagnostic~-a02d4ce6-0d43-4107-966a-21ad4e1c3f18]: FINISHING
[debug] [2019-11-16T13:45:11.340Z] [worker-~diagnostic~-a2ca1cf4-23da-4522-a581-a95de00d0e02]: BUSY
[debug] [2019-11-16T13:45:12.316Z] [worker-~diagnostic~-a02d4ce6-0d43-4107-966a-21ad4e1c3f18]: exited
[debug] [2019-11-16T13:45:12.316Z] [worker-~diagnostic~-a02d4ce6-0d43-4107-966a-21ad4e1c3f18]: FINISHED
[debug] [2019-11-16T13:45:12.482Z] [runtime-status] Functions runtime initialized. {"cwd":"C:\\Users\\pabim\\Desktop\\Curso-Profissional-React\\exemplos\\bora-ajudar\\functions","node_version":"12.9.1"}
[debug] [2019-11-16T13:45:12.484Z] [runtime-status] Disabled runtime features: {"functions_config_helper":true,"network_filtering":true,"timeout":true,"memory_limiting":true,"admin_stubs":true} {}
[debug] [2019-11-16T13:45:12.487Z] [runtime-status] Resolved module firebase-admin {"declared":true,"installed":true,"version":"8.7.0","resolution":"C:\\Users\\pabim\\Desktop\\Curso-Profissional-React\\exemplos\\bora-ajudar\\functions\\node_modules\\firebase-admin\\lib\\index.js"}
[debug] [2019-11-16T13:45:12.495Z] [runtime-status] Resolved module firebase-functions {"declared":true,"installed":true,"version":"3.3.0","resolution":"C:\\Users\\pabim\\Desktop\\Curso-Profissional-React\\exemplos\\bora-ajudar\\functions\\node_modules\\firebase-functions\\lib\\index.js"}
[debug] [2019-11-16T13:45:12.497Z] [runtime-status] Resolved module firebase-functions {"declared":true,"installed":true,"version":"3.3.0","resolution":"C:\\Users\\pabim\\Desktop\\Curso-Profissional-React\\exemplos\\bora-ajudar\\functions\\node_modules\\firebase-functions\\lib\\index.js"}
[debug] [2019-11-16T13:45:13.229Z] [worker-~diagnostic~-a2ca1cf4-23da-4522-a581-a95de00d0e02]: exited
[debug] [2019-11-16T13:45:13.229Z] [worker-~diagnostic~-a2ca1cf4-23da-4522-a581-a95de00d0e02]: FINISHED
[info] >  [2019-11-16T13:45:13.754Z]  @firebase/database: FIREBASE WARNING: {"code":"app/invalid-credential","message":"Credential implementation provided to initializeApp() via the \"credential\" property failed to fetch a valid Google OAuth2 access token with the following error: \"Error fetching access token: Error while making request: getaddrinfo ENOTFOUND metadata.google.internal. Error code: ENOTFOUND\"."} 
[info] >  [2019-11-16T13:45:19.702Z]  @firebase/database: FIREBASE WARNING: {"code":"app/invalid-credential","message":"Credential implementation provided to initializeApp() via the \"credential\" property failed to fetch a valid Google OAuth2 access token with the following error: \"Error fetching access token: Error while making request: getaddrinfo ENOTFOUND metadata.google.internal. Error code: ENOTFOUND\"."} 
[info] >  [2019-11-16T13:45:20.761Z]  @firebase/database: FIREBASE WARNING: {"code":"app/invalid-credential","message":"Credential implementation provided to initializeApp() via the \"credential\" property failed to fetch a valid Google OAuth2 access token with the following error: \"Error fetching access token: Error while making request: getaddrinfo ENOTFOUND metadata.google.internal. Error code: ENOTFOUND\"."} 
[info] >  [2019-11-16T13:45:21.159Z]  @firebase/database: FIREBASE WARNING: {"code":"app/invalid-credential","message":"Credential implementation provided to initializeApp() via the \"credential\" property failed to fetch a valid Google OAuth2 access token with the following error: \"Error fetching access token: Error while making request: getaddrinfo ENOTFOUND metadata.google.internal. Error code: ENOTFOUND\"."} 
[debug] [2019-11-16T13:45:22.585Z] File C:\Users\pabim\Desktop\Curso-Profissional-React\exemplos\bora-ajudar\functions\index.js changed, reloading triggers
[debug] [2019-11-16T13:45:22.783Z] File C:\Users\pabim\Desktop\Curso-Profissional-React\exemplos\bora-ajudar\functions\index.js changed, reloading triggers
[debug] [2019-11-16T13:45:23.023Z] File C:\Users\pabim\Desktop\Curso-Profissional-React\exemplos\bora-ajudar\functions\index.js changed, reloading triggers
[debug] [2019-11-16T13:45:23.294Z] File C:\Users\pabim\Desktop\Curso-Profissional-React\exemplos\bora-ajudar\functions\index.js changed, reloading triggers
[debug] [2019-11-16T13:45:23.556Z] File C:\Users\pabim\Desktop\Curso-Profissional-React\exemplos\bora-ajudar\functions\index.js changed, reloading triggers
[debug] [2019-11-16T13:45:23.816Z] File C:\Users\pabim\Desktop\Curso-Profissional-React\exemplos\bora-ajudar\functions\index.js changed, reloading triggers
[debug] [2019-11-16T13:45:24.153Z] File C:\Users\pabim\Desktop\Curso-Profissional-React\exemplos\bora-ajudar\functions\index.js changed, reloading triggers
[debug] [2019-11-16T13:45:24.861Z] File C:\Users\pabim\Desktop\Curso-Profissional-React\exemplos\bora-ajudar\functions\index.js changed, reloading triggers
[debug] [2019-11-16T13:45:25.870Z] [worker-~diagnostic~-5079f6ac-ae7f-4424-a039-2ecd4af15972]: BUSY
[debug] [2019-11-16T13:45:25.908Z] File C:\Users\pabim\Desktop\Curso-Profissional-React\exemplos\bora-ajudar\functions\index.js changed, reloading triggers
[debug] [2019-11-16T13:45:26.621Z] [runtime-status] Functions runtime initialized. {"cwd":"C:\\Users\\pabim\\Desktop\\Curso-Profissional-React\\exemplos\\bora-ajudar\\functions","node_version":"12.9.1"}
[debug] [2019-11-16T13:45:26.623Z] [runtime-status] Disabled runtime features: {"functions_config_helper":true,"network_filtering":true,"timeout":true,"memory_limiting":true,"admin_stubs":true} {}
[debug] [2019-11-16T13:45:26.627Z] [runtime-status] Resolved module firebase-admin {"declared":true,"installed":true,"version":"8.7.0","resolution":"C:\\Users\\pabim\\Desktop\\Curso-Profissional-React\\exemplos\\bora-ajudar\\functions\\node_modules\\firebase-admin\\lib\\index.js"}
[debug] [2019-11-16T13:45:26.631Z] [runtime-status] Resolved module firebase-functions {"declared":true,"installed":true,"version":"3.3.0","resolution":"C:\\Users\\pabim\\Desktop\\Curso-Profissional-React\\exemplos\\bora-ajudar\\functions\\node_modules\\firebase-functions\\lib\\index.js"}
[debug] [2019-11-16T13:45:26.633Z] [runtime-status] Resolved module firebase-functions {"declared":true,"installed":true,"version":"3.3.0","resolution":"C:\\Users\\pabim\\Desktop\\Curso-Profissional-React\\exemplos\\bora-ajudar\\functions\\node_modules\\firebase-functions\\lib\\index.js"}
[debug] [2019-11-16T13:45:26.909Z] [worker-pool]: Marking BUSY worker to finish (~diagnostic~)
[debug] [2019-11-16T13:45:26.909Z] [worker-~diagnostic~-5079f6ac-ae7f-4424-a039-2ecd4af15972]: FINISHING
[debug] [2019-11-16T13:45:26.928Z] [worker-~diagnostic~-eefe037a-674f-4edb-bf1b-c5b30bd0c61d]: BUSY
[debug] [2019-11-16T13:45:27.784Z] [worker-~diagnostic~-5079f6ac-ae7f-4424-a039-2ecd4af15972]: exited
[debug] [2019-11-16T13:45:27.785Z] [worker-~diagnostic~-5079f6ac-ae7f-4424-a039-2ecd4af15972]: FINISHED
[debug] [2019-11-16T13:45:27.848Z] [runtime-status] Functions runtime initialized. {"cwd":"C:\\Users\\pabim\\Desktop\\Curso-Profissional-React\\exemplos\\bora-ajudar\\functions","node_version":"12.9.1"}
[debug] [2019-11-16T13:45:27.849Z] [runtime-status] Disabled runtime features: {"functions_config_helper":true,"network_filtering":true,"timeout":true,"memory_limiting":true,"admin_stubs":true} {}
[debug] [2019-11-16T13:45:27.854Z] [runtime-status] Resolved module firebase-admin {"declared":true,"installed":true,"version":"8.7.0","resolution":"C:\\Users\\pabim\\Desktop\\Curso-Profissional-React\\exemplos\\bora-ajudar\\functions\\node_modules\\firebase-admin\\lib\\index.js"}
[debug] [2019-11-16T13:45:27.856Z] [runtime-status] Resolved module firebase-functions {"declared":true,"installed":true,"version":"3.3.0","resolution":"C:\\Users\\pabim\\Desktop\\Curso-Profissional-React\\exemplos\\bora-ajudar\\functions\\node_modules\\firebase-functions\\lib\\index.js"}
[debug] [2019-11-16T13:45:27.857Z] [runtime-status] Resolved module firebase-functions {"declared":true,"installed":true,"version":"3.3.0","resolution":"C:\\Users\\pabim\\Desktop\\Curso-Profissional-React\\exemplos\\bora-ajudar\\functions\\node_modules\\firebase-functions\\lib\\index.js"}
[debug] [2019-11-16T13:45:28.553Z] [worker-~diagnostic~-eefe037a-674f-4edb-bf1b-c5b30bd0c61d]: exited
[debug] [2019-11-16T13:45:28.553Z] [worker-~diagnostic~-eefe037a-674f-4edb-bf1b-c5b30bd0c61d]: FINISHED
[debug] [2019-11-16T13:45:45.706Z] File C:\Users\pabim\Desktop\Curso-Profissional-React\exemplos\bora-ajudar\functions\index.js changed, reloading triggers
[debug] [2019-11-16T13:45:46.719Z] [worker-~diagnostic~-2aacbde1-963d-447c-95d1-90447c0ad2b4]: BUSY
[debug] [2019-11-16T13:45:47.369Z] [runtime-status] Functions runtime initialized. {"cwd":"C:\\Users\\pabim\\Desktop\\Curso-Profissional-React\\exemplos\\bora-ajudar\\functions","node_version":"12.9.1"}
[debug] [2019-11-16T13:45:47.370Z] [runtime-status] Disabled runtime features: {"functions_config_helper":true,"network_filtering":true,"timeout":true,"memory_limiting":true,"admin_stubs":true} {}
[debug] [2019-11-16T13:45:47.374Z] [runtime-status] Resolved module firebase-admin {"declared":true,"installed":true,"version":"8.7.0","resolution":"C:\\Users\\pabim\\Desktop\\Curso-Profissional-React\\exemplos\\bora-ajudar\\functions\\node_modules\\firebase-admin\\lib\\index.js"}
[debug] [2019-11-16T13:45:47.377Z] [runtime-status] Resolved module firebase-functions {"declared":true,"installed":true,"version":"3.3.0","resolution":"C:\\Users\\pabim\\Desktop\\Curso-Profissional-React\\exemplos\\bora-ajudar\\functions\\node_modules\\firebase-functions\\lib\\index.js"}
[debug] [2019-11-16T13:45:47.378Z] [runtime-status] Resolved module firebase-functions {"declared":true,"installed":true,"version":"3.3.0","resolution":"C:\\Users\\pabim\\Desktop\\Curso-Profissional-React\\exemplos\\bora-ajudar\\functions\\node_modules\\firebase-functions\\lib\\index.js"}
[debug] [2019-11-16T13:45:48.387Z] File C:\Users\pabim\Desktop\Curso-Profissional-React\exemplos\bora-ajudar\functions\index.js changed, reloading triggers
[debug] [2019-11-16T13:45:48.687Z] [worker-~diagnostic~-2aacbde1-963d-447c-95d1-90447c0ad2b4]: exited
[debug] [2019-11-16T13:45:48.687Z] [worker-~diagnostic~-2aacbde1-963d-447c-95d1-90447c0ad2b4]: FINISHED
[debug] [2019-11-16T13:45:48.803Z] File C:\Users\pabim\Desktop\Curso-Profissional-React\exemplos\bora-ajudar\functions\index.js changed, reloading triggers
[debug] [2019-11-16T13:45:49.811Z] [worker-~diagnostic~-5fb89c28-1d86-44ce-89fb-989f61eeb099]: BUSY
[debug] [2019-11-16T13:45:50.269Z] [runtime-status] Functions runtime initialized. {"cwd":"C:\\Users\\pabim\\Desktop\\Curso-Profissional-React\\exemplos\\bora-ajudar\\functions","node_version":"12.9.1"}
[debug] [2019-11-16T13:45:50.271Z] [runtime-status] Disabled runtime features: {"functions_config_helper":true,"network_filtering":true,"timeout":true,"memory_limiting":true,"admin_stubs":true} {}
[debug] [2019-11-16T13:45:50.275Z] [runtime-status] Resolved module firebase-admin {"declared":true,"installed":true,"version":"8.7.0","resolution":"C:\\Users\\pabim\\Desktop\\Curso-Profissional-React\\exemplos\\bora-ajudar\\functions\\node_modules\\firebase-admin\\lib\\index.js"}
[debug] [2019-11-16T13:45:50.277Z] [runtime-status] Resolved module firebase-functions {"declared":true,"installed":true,"version":"3.3.0","resolution":"C:\\Users\\pabim\\Desktop\\Curso-Profissional-React\\exemplos\\bora-ajudar\\functions\\node_modules\\firebase-functions\\lib\\index.js"}
[debug] [2019-11-16T13:45:50.278Z] [runtime-status] Resolved module firebase-functions {"declared":true,"installed":true,"version":"3.3.0","resolution":"C:\\Users\\pabim\\Desktop\\Curso-Profissional-React\\exemplos\\bora-ajudar\\functions\\node_modules\\firebase-functions\\lib\\index.js"}
[debug] [2019-11-16T13:45:50.964Z] [worker-~diagnostic~-5fb89c28-1d86-44ce-89fb-989f61eeb099]: exited
[debug] [2019-11-16T13:45:50.964Z] [worker-~diagnostic~-5fb89c28-1d86-44ce-89fb-989f61eeb099]: FINISHED
[debug] [2019-11-16T13:45:51.688Z] File C:\Users\pabim\Desktop\Curso-Profissional-React\exemplos\bora-ajudar\functions\index.js changed, reloading triggers
[debug] [2019-11-16T13:45:52.699Z] [worker-~diagnostic~-adc12e43-5027-4360-996f-4bdaa3249bfb]: BUSY
[debug] [2019-11-16T13:45:53.219Z] [runtime-status] Functions runtime initialized. {"cwd":"C:\\Users\\pabim\\Desktop\\Curso-Profissional-React\\exemplos\\bora-ajudar\\functions","node_version":"12.9.1"}
[debug] [2019-11-16T13:45:53.220Z] [runtime-status] Disabled runtime features: {"functions_config_helper":true,"network_filtering":true,"timeout":true,"memory_limiting":true,"admin_stubs":true} {}
[debug] [2019-11-16T13:45:53.224Z] [runtime-status] Resolved module firebase-admin {"declared":true,"installed":true,"version":"8.7.0","resolution":"C:\\Users\\pabim\\Desktop\\Curso-Profissional-React\\exemplos\\bora-ajudar\\functions\\node_modules\\firebase-admin\\lib\\index.js"}
[debug] [2019-11-16T13:45:53.226Z] [runtime-status] Resolved module firebase-functions {"declared":true,"installed":true,"version":"3.3.0","resolution":"C:\\Users\\pabim\\Desktop\\Curso-Profissional-React\\exemplos\\bora-ajudar\\functions\\node_modules\\firebase-functions\\lib\\index.js"}
[debug] [2019-11-16T13:45:53.227Z] [runtime-status] Resolved module firebase-functions {"declared":true,"installed":true,"version":"3.3.0","resolution":"C:\\Users\\pabim\\Desktop\\Curso-Profissional-React\\exemplos\\bora-ajudar\\functions\\node_modules\\firebase-functions\\lib\\index.js"}
[debug] [2019-11-16T13:45:53.944Z] [worker-~diagnostic~-adc12e43-5027-4360-996f-4bdaa3249bfb]: exited
[debug] [2019-11-16T13:45:53.944Z] [worker-~diagnostic~-adc12e43-5027-4360-996f-4bdaa3249bfb]: FINISHED
[debug] [2019-11-16T13:45:58.022Z] File C:\Users\pabim\Desktop\Curso-Profissional-React\exemplos\bora-ajudar\functions\index.js changed, reloading triggers
[debug] [2019-11-16T13:45:58.178Z] File C:\Users\pabim\Desktop\Curso-Profissional-React\exemplos\bora-ajudar\functions\index.js changed, reloading triggers
[debug] [2019-11-16T13:45:59.186Z] [worker-~diagnostic~-0bbb3ec2-0ca9-47a3-8b0a-1427521cdf9b]: BUSY
[debug] [2019-11-16T13:45:59.761Z] [runtime-status] Functions runtime initialized. {"cwd":"C:\\Users\\pabim\\Desktop\\Curso-Profissional-React\\exemplos\\bora-ajudar\\functions","node_version":"12.9.1"}
[debug] [2019-11-16T13:45:59.763Z] [runtime-status] Disabled runtime features: {"functions_config_helper":true,"network_filtering":true,"timeout":true,"memory_limiting":true,"admin_stubs":true} {}
[debug] [2019-11-16T13:45:59.767Z] [runtime-status] Resolved module firebase-admin {"declared":true,"installed":true,"version":"8.7.0","resolution":"C:\\Users\\pabim\\Desktop\\Curso-Profissional-React\\exemplos\\bora-ajudar\\functions\\node_modules\\firebase-admin\\lib\\index.js"}
[debug] [2019-11-16T13:45:59.770Z] [runtime-status] Resolved module firebase-functions {"declared":true,"installed":true,"version":"3.3.0","resolution":"C:\\Users\\pabim\\Desktop\\Curso-Profissional-React\\exemplos\\bora-ajudar\\functions\\node_modules\\firebase-functions\\lib\\index.js"}
[debug] [2019-11-16T13:45:59.773Z] [runtime-status] Resolved module firebase-functions {"declared":true,"installed":true,"version":"3.3.0","resolution":"C:\\Users\\pabim\\Desktop\\Curso-Profissional-React\\exemplos\\bora-ajudar\\functions\\node_modules\\firebase-functions\\lib\\index.js"}
[debug] [2019-11-16T13:46:00.480Z] [worker-~diagnostic~-0bbb3ec2-0ca9-47a3-8b0a-1427521cdf9b]: exited
[debug] [2019-11-16T13:46:00.480Z] [worker-~diagnostic~-0bbb3ec2-0ca9-47a3-8b0a-1427521cdf9b]: FINISHED
[info] >  [2019-11-16T13:46:01.883Z]  @firebase/database: FIREBASE WARNING: {"code":"app/invalid-credential","message":"Credential implementation provided to initializeApp() via the \"credential\" property failed to fetch a valid Google OAuth2 access token with the following error: \"Error fetching access token: Error while making request: getaddrinfo ENOTFOUND metadata.google.internal. Error code: ENOTFOUND\"."} 
[debug] [2019-11-16T13:46:02.235Z] File C:\Users\pabim\Desktop\Curso-Profissional-React\exemplos\bora-ajudar\functions\index.js changed, reloading triggers
[debug] [2019-11-16T13:46:02.425Z] File C:\Users\pabim\Desktop\Curso-Profissional-React\exemplos\bora-ajudar\functions\index.js changed, reloading triggers
